<?xml version="1.0" encoding="UTF-8"?>
<!-- Generated by org.testng.reporters.JUnitXMLReporter -->
<testsuite hostname="SYSTEM-72" ignored="17" name="Test" tests="1" failures="0" timestamp="02 Nov 2019 06:43:08 GMT" time="20.334" errors="0">
  <testcase name="verifyAddNewTooltip" time="2.169" classname="com.orgDesignData.LegalEntityManagementTest"/>
  <testcase name="verifyDownloadTooltip" time="0.0" classname="com.orgDesignData.LegalEntityManagementTest">
    <ignored/>
  </testcase> <!-- verifyDownloadTooltip -->
  <testcase name="submitFormWithKeepingLegalEntityNameBlank" time="0.0" classname="com.orgDesignData.LegalEntityManagementTest">
    <ignored/>
  </testcase> <!-- submitFormWithKeepingLegalEntityNameBlank -->
  <testcase name="deleteLegalEntity" time="0.0" classname="com.orgDesignData.LegalEntityManagementTest">
    <ignored/>
  </testcase> <!-- deleteLegalEntity -->
  <testcase name="submitFormWithKeepingRemarksBlank" time="0.0" classname="com.orgDesignData.LegalEntityManagementTest">
    <ignored/>
  </testcase> <!-- submitFormWithKeepingRemarksBlank -->
  <testcase name="verifyCommentsOnViewWin" time="0.0" classname="com.orgDesignData.LegalEntityManagementTest">
    <ignored/>
  </testcase> <!-- verifyCommentsOnViewWin -->
  <testcase name="clickEditIconAndSubmitWithoutModifying" time="0.0" classname="com.orgDesignData.LegalEntityManagementTest">
    <ignored/>
  </testcase> <!-- clickEditIconAndSubmitWithoutModifying -->
  <testcase name="verifyGridIconTooltip" time="0.0" classname="com.orgDesignData.LegalEntityManagementTest">
    <ignored/>
  </testcase> <!-- verifyGridIconTooltip -->
  <testcase name="verifyClearFilterTooltip" time="0.0" classname="com.orgDesignData.LegalEntityManagementTest">
    <ignored/>
  </testcase> <!-- verifyClearFilterTooltip -->
  <testcase name="modifyLegalEntity" time="0.0" classname="com.orgDesignData.LegalEntityManagementTest">
    <ignored/>
  </testcase> <!-- modifyLegalEntity -->
  <testcase name="verifySizeOfLegalEntityEditbox" time="0.0" classname="com.orgDesignData.LegalEntityManagementTest">
    <ignored/>
  </testcase> <!-- verifySizeOfLegalEntityEditbox -->
  <testcase name="submitFormWithoutPickingCountry" time="0.0" classname="com.orgDesignData.LegalEntityManagementTest">
    <ignored/>
  </testcase> <!-- submitFormWithoutPickingCountry -->
  <testcase name="submitNewLegalEntityAndVerify" time="0.0" classname="com.orgDesignData.LegalEntityManagementTest">
    <ignored/>
  </testcase> <!-- submitNewLegalEntityAndVerify -->
  <testcase name="submitExistingLegalEntity" time="0.0" classname="com.orgDesignData.LegalEntityManagementTest">
    <ignored/>
  </testcase> <!-- submitExistingLegalEntity -->
  <testcase name="submitFormWithoutPickingEffectiveFromDate" time="0.0" classname="com.orgDesignData.LegalEntityManagementTest">
    <ignored/>
  </testcase> <!-- submitFormWithoutPickingEffectiveFromDate -->
  <testcase name="printAndVerifyAdminValues" time="0.0" classname="com.orgDesignData.LegalEntityManagementTest">
    <ignored/>
  </testcase> <!-- printAndVerifyAdminValues -->
  <testcase name="verifyAdminOption" time="0.0" classname="com.orgDesignData.LegalEntityManagementTest">
    <ignored/>
  </testcase> <!-- verifyAdminOption -->
  <testcase name="verifySizeOfRemarksEditbox" time="0.0" classname="com.orgDesignData.LegalEntityManagementTest">
    <ignored/>
  </testcase> <!-- verifySizeOfRemarksEditbox -->
</testsuite> <!-- Test -->
