<?xml version="1.0" encoding="UTF-8"?>
<!-- Generated by org.testng.reporters.JUnitXMLReporter -->
<testsuite hostname="SYSTEM-72" ignored="4" name="Test" tests="1" failures="1" timestamp="04 Oct 2019 11:38:41 GMT" time="39.901" errors="0">
  <testcase name="submitNewHireFormAndValidateActivateButton" time="23.113" classname="com.newHire.NewHireTest">
    <failure type="org.openqa.selenium.ElementClickInterceptedException" message="Element &amp;lt;i class=&amp;quot;material-icons&amp;quot;&amp;gt; is not clickable at point (244,649) because another element &amp;lt;span class=&amp;quot;Mandatory_Star&amp;quot;&amp;gt; obscures it
Build info: version: &amp;apos;4.0.0-alpha-2&amp;apos;, revision: &amp;apos;f148142cf8&amp;apos;, time: &amp;apos;2019-07-01T20:55:26&amp;apos;
System info: host: &amp;apos;SYSTEM-72&amp;apos;, ip: &amp;apos;10.9.46.161&amp;apos;, os.name: &amp;apos;Windows 10&amp;apos;, os.arch: &amp;apos;amd64&amp;apos;, os.version: &amp;apos;10.0&amp;apos;, java.version: &amp;apos;1.8.0_211&amp;apos;
Driver info: org.openqa.selenium.firefox.FirefoxDriver
Capabilities {acceptInsecureCerts: true, browserName: firefox, browserVersion: 69.0.1, javascriptEnabled: true, moz:accessibilityChecks: false, moz:buildID: 20190917135527, moz:geckodriverVersion: 0.24.0, moz:headless: false, moz:processID: 22696, moz:profile: C:\Users\Prod\AppData\Local..., moz:shutdownTimeout: 60000, moz:useNonSpecCompliantPointerOrigin: false, moz:webdriverClick: true, pageLoadStrategy: normal, platform: WINDOWS, platformName: WINDOWS, platformVersion: 10.0, rotatable: false, setWindowRect: true, strictFileInteractability: false, timeouts: {implicit: 0, pageLoad: 300000, script: 30000}, unhandledPromptBehavior: dismiss and notify}
Session ID: be7ecfc6-94ae-4226-81e3-9f36acb6d6f5">
      <![CDATA[org.openqa.selenium.ElementClickInterceptedException: Element <i class="material-icons"> is not clickable at point (244,649) because another element <span class="Mandatory_Star"> obscures it
Build info: version: '4.0.0-alpha-2', revision: 'f148142cf8', time: '2019-07-01T20:55:26'
System info: host: 'SYSTEM-72', ip: '10.9.46.161', os.name: 'Windows 10', os.arch: 'amd64', os.version: '10.0', java.version: '1.8.0_211'
Driver info: org.openqa.selenium.firefox.FirefoxDriver
Capabilities {acceptInsecureCerts: true, browserName: firefox, browserVersion: 69.0.1, javascriptEnabled: true, moz:accessibilityChecks: false, moz:buildID: 20190917135527, moz:geckodriverVersion: 0.24.0, moz:headless: false, moz:processID: 22696, moz:profile: C:\Users\Prod\AppData\Local..., moz:shutdownTimeout: 60000, moz:useNonSpecCompliantPointerOrigin: false, moz:webdriverClick: true, pageLoadStrategy: normal, platform: WINDOWS, platformName: WINDOWS, platformVersion: 10.0, rotatable: false, setWindowRect: true, strictFileInteractability: false, timeouts: {implicit: 0, pageLoad: 300000, script: 30000}, unhandledPromptBehavior: dismiss and notify}
Session ID: be7ecfc6-94ae-4226-81e3-9f36acb6d6f5
at org.openqa.selenium.remote.codec.w3c.W3CHttpResponseCodec.createException(W3CHttpResponseCodec.java:191)
at org.openqa.selenium.remote.codec.w3c.W3CHttpResponseCodec.decode(W3CHttpResponseCodec.java:125)
at org.openqa.selenium.remote.codec.w3c.W3CHttpResponseCodec.decode(W3CHttpResponseCodec.java:52)
at org.openqa.selenium.remote.HttpCommandExecutor.execute(HttpCommandExecutor.java:161)
at org.openqa.selenium.remote.service.DriverCommandExecutor.execute(DriverCommandExecutor.java:83)
at org.openqa.selenium.remote.RemoteWebDriver.execute(RemoteWebDriver.java:576)
at org.openqa.selenium.remote.RemoteWebElement.execute(RemoteWebElement.java:308)
at org.openqa.selenium.remote.RemoteWebElement.click(RemoteWebElement.java:83)
at org.openqa.selenium.support.pagefactory.internal.LocatingElementHandler.invoke(LocatingElementHandler.java:52)
at com.sun.proxy.$Proxy12.click(Unknown Source)
at com.newHire.NewHireTest.submitNewHireFormAndValidateActivateButton(NewHireTest.java:189)
... Removed 32 stack frames]]>
    </failure>
  </testcase> <!-- submitNewHireFormAndValidateActivateButton -->
  <testcase name="checkErrorMessageForEnteringExistingEmail" time="0.0" classname="com.newHire.NewHireTest">
    <ignored/>
  </testcase> <!-- checkErrorMessageForEnteringExistingEmail -->
  <testcase name="makeBothDOB_JoiningDateEqualAndverify" time="0.0" classname="com.newHire.NewHireTest">
    <ignored/>
  </testcase> <!-- makeBothDOB_JoiningDateEqualAndverify -->
  <testcase name="enterExistEmployeeIdAndValidateErrorMessage" time="0.0" classname="com.newHire.NewHireTest">
    <ignored/>
  </testcase> <!-- enterExistEmployeeIdAndValidateErrorMessage -->
  <testcase name="clickAndverifyTitleDropdownValues" time="0.0" classname="com.newHire.NewHireTest">
    <ignored/>
  </testcase> <!-- clickAndverifyTitleDropdownValues -->
</testsuite> <!-- Test -->
