<?xml version="1.0" encoding="UTF-8"?>
<!-- Generated by org.testng.reporters.JUnitXMLReporter -->
<testsuite hostname="SYSTEM-72" ignored="9" name="Test" tests="1" failures="0" timestamp="28 Oct 2019 06:10:49 GMT" time="19.162" errors="0">
  <testcase name="clickEditIconAndSubmitWithoutModifying" time="2.66" classname="com.orgDesignData.LegalEntityManagementTest"/>
  <testcase name="modifyLegalEntity" time="0.0" classname="com.orgDesignData.LegalEntityManagementTest">
    <ignored/>
  </testcase> <!-- modifyLegalEntity -->
  <testcase name="submitFormWithKeepingLegalEntityNameBlank" time="0.0" classname="com.orgDesignData.LegalEntityManagementTest">
    <ignored/>
  </testcase> <!-- submitFormWithKeepingLegalEntityNameBlank -->
  <testcase name="submitFormWithoutPickingCountry" time="0.0" classname="com.orgDesignData.LegalEntityManagementTest">
    <ignored/>
  </testcase> <!-- submitFormWithoutPickingCountry -->
  <testcase name="submitNewLegalEntityAndVerify" time="0.0" classname="com.orgDesignData.LegalEntityManagementTest">
    <ignored/>
  </testcase> <!-- submitNewLegalEntityAndVerify -->
  <testcase name="submitFormWithKeepingRemarksBlank" time="0.0" classname="com.orgDesignData.LegalEntityManagementTest">
    <ignored/>
  </testcase> <!-- submitFormWithKeepingRemarksBlank -->
  <testcase name="submitExistingLegalEntity" time="0.0" classname="com.orgDesignData.LegalEntityManagementTest">
    <ignored/>
  </testcase> <!-- submitExistingLegalEntity -->
  <testcase name="submitFormWithoutPickingEffectiveFromDate" time="0.0" classname="com.orgDesignData.LegalEntityManagementTest">
    <ignored/>
  </testcase> <!-- submitFormWithoutPickingEffectiveFromDate -->
  <testcase name="printAndVerifyAdminValues" time="0.0" classname="com.orgDesignData.LegalEntityManagementTest">
    <ignored/>
  </testcase> <!-- printAndVerifyAdminValues -->
  <testcase name="verifyAdminOption" time="0.0" classname="com.orgDesignData.LegalEntityManagementTest">
    <ignored/>
  </testcase> <!-- verifyAdminOption -->
</testsuite> <!-- Test -->
