<?xml version="1.0" encoding="UTF-8"?>
<!-- Generated by org.testng.reporters.JUnitXMLReporter -->
<testsuite hostname="SYSTEM-72" ignored="43" name="Test" tests="1" failures="1" timestamp="03 Jun 2020 13:52:58 GMT" time="128.11" errors="0">
  <testcase name="submitNewHireFormAndValidateActivateButton" time="112.047" classname="com.newHire.NewHireTest">
    <failure type="org.openqa.selenium.NoSuchElementException" message="Unable to locate element: //form[@id=&amp;apos;CompForm&amp;apos;]/div[2]/div/div/div[2]/div/div/div[3]/div/div/span/div/input
For documentation on this error, please visit: https://www.seleniumhq.org/exceptions/no_such_element.html
Build info: version: &amp;apos;4.0.0-alpha-2&amp;apos;, revision: &amp;apos;f148142cf8&amp;apos;, time: &amp;apos;2019-07-01T20:55:26&amp;apos;
System info: host: &amp;apos;SYSTEM-72&amp;apos;, ip: &amp;apos;192.168.0.105&amp;apos;, os.name: &amp;apos;Windows 10&amp;apos;, os.arch: &amp;apos;amd64&amp;apos;, os.version: &amp;apos;10.0&amp;apos;, java.version: &amp;apos;1.8.0_211&amp;apos;
Driver info: org.openqa.selenium.firefox.FirefoxDriver
Capabilities {acceptInsecureCerts: true, browserName: firefox, browserVersion: 77.0, javascriptEnabled: true, moz:accessibilityChecks: false, moz:buildID: 20200528194502, moz:geckodriverVersion: 0.24.0, moz:headless: false, moz:processID: 22340, moz:profile: C:\Users\Prod\AppData\Local..., moz:shutdownTimeout: 60000, moz:useNonSpecCompliantPointerOrigin: false, moz:webdriverClick: true, pageLoadStrategy: normal, platform: WINDOWS, platformName: WINDOWS, platformVersion: 10.0, rotatable: false, setWindowRect: true, strictFileInteractability: false, timeouts: {implicit: 0, pageLoad: 300000, script: 30000}, unhandledPromptBehavior: dismiss and notify}
Session ID: 5269a012-aac3-4c25-af94-134619b7abae
*** Element info: {Using=xpath, value=//form[@id=&amp;apos;CompForm&amp;apos;]/div[2]/div/div/div[2]/div/div/div[3]/div/div/span/div/input}">
      <![CDATA[org.openqa.selenium.NoSuchElementException: Unable to locate element: //form[@id='CompForm']/div[2]/div/div/div[2]/div/div/div[3]/div/div/span/div/input
For documentation on this error, please visit: https://www.seleniumhq.org/exceptions/no_such_element.html
Build info: version: '4.0.0-alpha-2', revision: 'f148142cf8', time: '2019-07-01T20:55:26'
System info: host: 'SYSTEM-72', ip: '192.168.0.105', os.name: 'Windows 10', os.arch: 'amd64', os.version: '10.0', java.version: '1.8.0_211'
Driver info: org.openqa.selenium.firefox.FirefoxDriver
Capabilities {acceptInsecureCerts: true, browserName: firefox, browserVersion: 77.0, javascriptEnabled: true, moz:accessibilityChecks: false, moz:buildID: 20200528194502, moz:geckodriverVersion: 0.24.0, moz:headless: false, moz:processID: 22340, moz:profile: C:\Users\Prod\AppData\Local..., moz:shutdownTimeout: 60000, moz:useNonSpecCompliantPointerOrigin: false, moz:webdriverClick: true, pageLoadStrategy: normal, platform: WINDOWS, platformName: WINDOWS, platformVersion: 10.0, rotatable: false, setWindowRect: true, strictFileInteractability: false, timeouts: {implicit: 0, pageLoad: 300000, script: 30000}, unhandledPromptBehavior: dismiss and notify}
Session ID: 5269a012-aac3-4c25-af94-134619b7abae
*** Element info: {Using=xpath, value=//form[@id='CompForm']/div[2]/div/div/div[2]/div/div/div[3]/div/div/span/div/input}
at org.openqa.selenium.remote.codec.w3c.W3CHttpResponseCodec.createException(W3CHttpResponseCodec.java:191)
at org.openqa.selenium.remote.codec.w3c.W3CHttpResponseCodec.decode(W3CHttpResponseCodec.java:125)
at org.openqa.selenium.remote.codec.w3c.W3CHttpResponseCodec.decode(W3CHttpResponseCodec.java:52)
at org.openqa.selenium.remote.HttpCommandExecutor.execute(HttpCommandExecutor.java:161)
at org.openqa.selenium.remote.service.DriverCommandExecutor.execute(DriverCommandExecutor.java:83)
at org.openqa.selenium.remote.RemoteWebDriver.execute(RemoteWebDriver.java:576)
at org.openqa.selenium.remote.RemoteWebDriver.findElement(RemoteWebDriver.java:327)
at org.openqa.selenium.remote.RemoteWebDriver.findElementByXPath(RemoteWebDriver.java:445)
at org.openqa.selenium.By$ByXPath.findElement(By.java:353)
at org.openqa.selenium.remote.RemoteWebDriver.findElement(RemoteWebDriver.java:319)
at org.openqa.selenium.support.pagefactory.DefaultElementLocator.findElement(DefaultElementLocator.java:70)
at org.openqa.selenium.support.pagefactory.internal.LocatingElementHandler.invoke(LocatingElementHandler.java:39)
at com.sun.proxy.$Proxy28.click(Unknown Source)
at com.newHire.NewHireTest.submitNewHireFormAndValidateActivateButton(NewHireTest.java:168)
... Removed 29 stack frames]]>
    </failure>
  </testcase> <!-- submitNewHireFormAndValidateActivateButton -->
  <testcase name="checkErrorMessageForEnteringExistingEmail" time="0.0" classname="com.newHire.NewHireTest">
    <ignored/>
  </testcase> <!-- checkErrorMessageForEnteringExistingEmail -->
  <testcase name="markAttendance" time="0.0" classname="com.newHire.NewHireTest">
    <ignored/>
  </testcase> <!-- markAttendance -->
  <testcase name="verifyErrorForNotPickingLegalEntity" time="0.0" classname="com.newHire.NewHireTest">
    <ignored/>
  </testcase> <!-- verifyErrorForNotPickingLegalEntity -->
  <testcase name="pickCountrySriLankaAndValidateLocation" time="0.0" classname="com.newHire.NewHireTest">
    <ignored/>
  </testcase> <!-- pickCountrySriLankaAndValidateLocation -->
  <testcase name="validateErrorForNotPickingEmploymentType" time="0.0" classname="com.newHire.NewHireTest">
    <ignored/>
  </testcase> <!-- validateErrorForNotPickingEmploymentType -->
  <testcase name="verifyErrorForNotPickingContractEndDate" time="0.0" classname="com.newHire.NewHireTest">
    <ignored/>
  </testcase> <!-- verifyErrorForNotPickingContractEndDate -->
  <testcase name="clickAndverifyTitleDropdownValues" time="0.0" classname="com.newHire.NewHireTest">
    <ignored/>
  </testcase> <!-- clickAndverifyTitleDropdownValues -->
  <testcase name="verifyErrorForKeepingDesignationBlank" time="0.0" classname="com.newHire.NewHireTest">
    <ignored/>
  </testcase> <!-- verifyErrorForKeepingDesignationBlank -->
  <testcase name="keepEmailIdSectionBlankAndVerifyError" time="0.0" classname="com.newHire.NewHireTest">
    <ignored/>
  </testcase> <!-- keepEmailIdSectionBlankAndVerifyError -->
  <testcase name="pickCountryUAEAndValidateLocation" time="0.0" classname="com.newHire.NewHireTest">
    <ignored/>
  </testcase> <!-- pickCountryUAEAndValidateLocation -->
  <testcase name="checkErrorForNotPickingJoiningDate" time="0.0" classname="com.newHire.NewHireTest">
    <ignored/>
  </testcase> <!-- checkErrorForNotPickingJoiningDate -->
  <testcase name="makeEmployeeIdEditboxBlankAndValidateError" time="0.0" classname="com.newHire.NewHireTest">
    <ignored/>
  </testcase> <!-- makeEmployeeIdEditboxBlankAndValidateError -->
  <testcase name="makeBothDOB_JoiningDateEqualAndverifyError" time="0.0" classname="com.newHire.NewHireTest">
    <ignored/>
  </testcase> <!-- makeBothDOB_JoiningDateEqualAndverifyError -->
  <testcase name="CheckErrorForKeepingRoleEditboxBlank" time="0.0" classname="com.newHire.NewHireTest">
    <ignored/>
  </testcase> <!-- CheckErrorForKeepingRoleEditboxBlank -->
  <testcase name="VerifyErrorForkeepingTitleWinBlank" time="0.0" classname="com.newHire.NewHireTest">
    <ignored/>
  </testcase> <!-- VerifyErrorForkeepingTitleWinBlank -->
  <testcase name="checkErrorForKeepingReferalSearchBoxBlank" time="0.0" classname="com.newHire.NewHireTest">
    <ignored/>
  </testcase> <!-- checkErrorForKeepingReferalSearchBoxBlank -->
  <testcase name="checkErrorForNotPickingUniversityName" time="0.0" classname="com.newHire.NewHireTest">
    <ignored/>
  </testcase> <!-- checkErrorForNotPickingUniversityName -->
  <testcase name="verifyErrorForNotPickingFTE_Equivalent" time="0.0" classname="com.newHire.NewHireTest">
    <ignored/>
  </testcase> <!-- verifyErrorForNotPickingFTE_Equivalent -->
  <testcase name="verifyErrorForNotPickingCountry" time="0.0" classname="com.newHire.NewHireTest">
    <ignored/>
  </testcase> <!-- verifyErrorForNotPickingCountry -->
  <testcase name="verifyErrorForNotPickingLocation" time="0.0" classname="com.newHire.NewHireTest">
    <ignored/>
  </testcase> <!-- verifyErrorForNotPickingLocation -->
  <testcase name="checkErrorMessageForNotPickingDOB" time="0.0" classname="com.newHire.NewHireTest">
    <ignored/>
  </testcase> <!-- checkErrorMessageForNotPickingDOB -->
  <testcase name="checkErrorForKeepingCityOfBirthBlank" time="0.0" classname="com.newHire.NewHireTest">
    <ignored/>
  </testcase> <!-- checkErrorForKeepingCityOfBirthBlank -->
  <testcase name="displayErrorForKeepingReportingManagerBlank" time="0.0" classname="com.newHire.NewHireTest">
    <ignored/>
  </testcase> <!-- displayErrorForKeepingReportingManagerBlank -->
  <testcase name="verifyErrorMessageForKeepingFirstNameBlank" time="0.0" classname="com.newHire.NewHireTest">
    <ignored/>
  </testcase> <!-- verifyErrorMessageForKeepingFirstNameBlank -->
  <testcase name="verifyErrorMessageForNotPickingCountryOfBirth" time="0.0" classname="com.newHire.NewHireTest">
    <ignored/>
  </testcase> <!-- verifyErrorMessageForNotPickingCountryOfBirth -->
  <testcase name="checkErrorForNotPickingGender" time="0.0" classname="com.newHire.NewHireTest">
    <ignored/>
  </testcase> <!-- checkErrorForNotPickingGender -->
  <testcase name="checkErrorForKeepingRelevantExpEditboxBlank" time="0.0" classname="com.newHire.NewHireTest">
    <ignored/>
  </testcase> <!-- checkErrorForKeepingRelevantExpEditboxBlank -->
  <testcase name="pickCountryIndiaAndValidateLocation" time="0.0" classname="com.newHire.NewHireTest">
    <ignored/>
  </testcase> <!-- pickCountryIndiaAndValidateLocation -->
  <testcase name="checkErrorForNotSelectingMaritalStatus" time="0.0" classname="com.newHire.NewHireTest">
    <ignored/>
  </testcase> <!-- checkErrorForNotSelectingMaritalStatus -->
  <testcase name="pickRegularAndValidateEmploymentStatus" time="0.0" classname="com.newHire.NewHireTest">
    <ignored/>
  </testcase> <!-- pickRegularAndValidateEmploymentStatus -->
  <testcase name="checkErrorForKeepingDepartmentEditboxBlank" time="0.0" classname="com.newHire.NewHireTest">
    <ignored/>
  </testcase> <!-- checkErrorForKeepingDepartmentEditboxBlank -->
  <testcase name="verifyErrorMessageForKeepingLastNameBlank" time="0.0" classname="com.newHire.NewHireTest">
    <ignored/>
  </testcase> <!-- verifyErrorMessageForKeepingLastNameBlank -->
  <testcase name="enterExistEmployeeIdAndValidateErrorMessage" time="0.0" classname="com.newHire.NewHireTest">
    <ignored/>
  </testcase> <!-- enterExistEmployeeIdAndValidateErrorMessage -->
  <testcase name="checkErrorForNotPickingEducationDetails" time="0.0" classname="com.newHire.NewHireTest">
    <ignored/>
  </testcase> <!-- checkErrorForNotPickingEducationDetails -->
  <testcase name="checkErrorForNotPickingCitizenShip" time="0.0" classname="com.newHire.NewHireTest">
    <ignored/>
  </testcase> <!-- checkErrorForNotPickingCitizenShip -->
  <testcase name="displayErrorForNotPickingFT_Indicator" time="0.0" classname="com.newHire.NewHireTest">
    <ignored/>
  </testcase> <!-- displayErrorForNotPickingFT_Indicator -->
  <testcase name="verifyErrorForNotPickingEmploymentStatus" time="0.0" classname="com.newHire.NewHireTest">
    <ignored/>
  </testcase> <!-- verifyErrorForNotPickingEmploymentStatus -->
  <testcase name="pickCountrySingaporeAndValidateLocation" time="0.0" classname="com.newHire.NewHireTest">
    <ignored/>
  </testcase> <!-- pickCountrySingaporeAndValidateLocation -->
  <testcase name="uploadProfilePhotoWithIncorrectFormat" time="0.0" classname="com.newHire.NewHireTest">
    <ignored/>
  </testcase> <!-- uploadProfilePhotoWithIncorrectFormat -->
  <testcase name="verifyErrorForPicking_DOB_lessThanEighteen_years" time="0.0" classname="com.newHire.NewHireTest">
    <ignored/>
  </testcase> <!-- verifyErrorForPicking_DOB_lessThanEighteen_years -->
  <testcase name="checkErrorForNotPickingGroupJoiningDate" time="0.0" classname="com.newHire.NewHireTest">
    <ignored/>
  </testcase> <!-- checkErrorForNotPickingGroupJoiningDate -->
  <testcase name="checkErrorMessageForNotPickingStateOfBirth" time="0.0" classname="com.newHire.NewHireTest">
    <ignored/>
  </testcase> <!-- checkErrorMessageForNotPickingStateOfBirth -->
  <testcase name="uploadProfilePhotoWithCorrectFormat" time="0.0" classname="com.newHire.NewHireTest">
    <ignored/>
  </testcase> <!-- uploadProfilePhotoWithCorrectFormat -->
</testsuite> <!-- Test -->
