<?xml version="1.0" encoding="UTF-8"?>
<!-- Generated by org.testng.reporters.JUnitXMLReporter -->
<testsuite hostname="SYSTEM-72" ignored="0" name="Test" tests="1" failures="1" timestamp="27 Dec 2019 12:18:10 GMT" time="52.319" errors="0">
  <testcase name="@AfterMethod tearDown" time="0.158" classname="esp.genericLibraries.BaseClass">
    <failure type="org.openqa.selenium.ElementClickInterceptedException" message="Element &amp;lt;i class=&amp;quot;material-icons right dropdown-icon &amp;quot;&amp;gt; is not clickable at point (1316,32) because another element &amp;lt;div class=&amp;quot;modal-overlay&amp;quot;&amp;gt; obscures it
Build info: version: &amp;apos;4.0.0-alpha-2&amp;apos;, revision: &amp;apos;f148142cf8&amp;apos;, time: &amp;apos;2019-07-01T20:55:26&amp;apos;
System info: host: &amp;apos;SYSTEM-72&amp;apos;, ip: &amp;apos;10.9.46.161&amp;apos;, os.name: &amp;apos;Windows 10&amp;apos;, os.arch: &amp;apos;amd64&amp;apos;, os.version: &amp;apos;10.0&amp;apos;, java.version: &amp;apos;1.8.0_211&amp;apos;
Driver info: org.openqa.selenium.firefox.FirefoxDriver
Capabilities {acceptInsecureCerts: true, browserName: firefox, browserVersion: 70.0.1, javascriptEnabled: true, moz:accessibilityChecks: false, moz:buildID: 20191030021342, moz:geckodriverVersion: 0.24.0, moz:headless: false, moz:processID: 20188, moz:profile: C:\Users\Prod\AppData\Local..., moz:shutdownTimeout: 60000, moz:useNonSpecCompliantPointerOrigin: false, moz:webdriverClick: true, pageLoadStrategy: normal, platform: WINDOWS, platformName: WINDOWS, platformVersion: 10.0, rotatable: false, setWindowRect: true, strictFileInteractability: false, timeouts: {implicit: 0, pageLoad: 300000, script: 30000}, unhandledPromptBehavior: dismiss and notify}
Session ID: fc7120f8-9c73-4bbe-9555-c437fbd48ba8">
      <![CDATA[org.openqa.selenium.ElementClickInterceptedException: Element <i class="material-icons right dropdown-icon "> is not clickable at point (1316,32) because another element <div class="modal-overlay"> obscures it
Build info: version: '4.0.0-alpha-2', revision: 'f148142cf8', time: '2019-07-01T20:55:26'
System info: host: 'SYSTEM-72', ip: '10.9.46.161', os.name: 'Windows 10', os.arch: 'amd64', os.version: '10.0', java.version: '1.8.0_211'
Driver info: org.openqa.selenium.firefox.FirefoxDriver
Capabilities {acceptInsecureCerts: true, browserName: firefox, browserVersion: 70.0.1, javascriptEnabled: true, moz:accessibilityChecks: false, moz:buildID: 20191030021342, moz:geckodriverVersion: 0.24.0, moz:headless: false, moz:processID: 20188, moz:profile: C:\Users\Prod\AppData\Local..., moz:shutdownTimeout: 60000, moz:useNonSpecCompliantPointerOrigin: false, moz:webdriverClick: true, pageLoadStrategy: normal, platform: WINDOWS, platformName: WINDOWS, platformVersion: 10.0, rotatable: false, setWindowRect: true, strictFileInteractability: false, timeouts: {implicit: 0, pageLoad: 300000, script: 30000}, unhandledPromptBehavior: dismiss and notify}
Session ID: fc7120f8-9c73-4bbe-9555-c437fbd48ba8
at org.openqa.selenium.remote.codec.w3c.W3CHttpResponseCodec.createException(W3CHttpResponseCodec.java:191)
at org.openqa.selenium.remote.codec.w3c.W3CHttpResponseCodec.decode(W3CHttpResponseCodec.java:125)
at org.openqa.selenium.remote.codec.w3c.W3CHttpResponseCodec.decode(W3CHttpResponseCodec.java:52)
at org.openqa.selenium.remote.HttpCommandExecutor.execute(HttpCommandExecutor.java:161)
at org.openqa.selenium.remote.service.DriverCommandExecutor.execute(DriverCommandExecutor.java:83)
at org.openqa.selenium.remote.RemoteWebDriver.execute(RemoteWebDriver.java:576)
at org.openqa.selenium.remote.RemoteWebElement.execute(RemoteWebElement.java:308)
at org.openqa.selenium.remote.RemoteWebElement.click(RemoteWebElement.java:83)
at org.openqa.selenium.support.pagefactory.internal.LocatingElementHandler.invoke(LocatingElementHandler.java:52)
at com.sun.proxy.$Proxy28.click(Unknown Source)
at esp.objectRepository.LoginPage.logOut(LoginPage.java:34)
at esp.genericLibraries.BaseClass.tearDown(BaseClass.java:83)
... Removed 36 stack frames]]>
    </failure>
  </testcase> <!-- @AfterMethod tearDown -->
  <testcase name="@AfterClass closeBrowser" time="0.0" classname="esp.genericLibraries.BaseClass">
    <skipped/>
  </testcase> <!-- @AfterClass closeBrowser -->
  <testcase name="submitSeparationRequest" time="40.163" classname="com.separation.AdminSeparationRequestTest">
    <failure type="org.openqa.selenium.NoSuchElementException" message="Unable to locate element: //div[@id=&amp;apos;modal-83c5e144-e9e4-1c29-c3f9-05bbbe9d0bd2&amp;apos;]//button[@class=&amp;apos;datepicker-day-button&amp;apos;][contains(text(),&amp;apos;27&amp;apos;)]
For documentation on this error, please visit: https://www.seleniumhq.org/exceptions/no_such_element.html
Build info: version: &amp;apos;4.0.0-alpha-2&amp;apos;, revision: &amp;apos;f148142cf8&amp;apos;, time: &amp;apos;2019-07-01T20:55:26&amp;apos;
System info: host: &amp;apos;SYSTEM-72&amp;apos;, ip: &amp;apos;10.9.46.161&amp;apos;, os.name: &amp;apos;Windows 10&amp;apos;, os.arch: &amp;apos;amd64&amp;apos;, os.version: &amp;apos;10.0&amp;apos;, java.version: &amp;apos;1.8.0_211&amp;apos;
Driver info: org.openqa.selenium.firefox.FirefoxDriver
Capabilities {acceptInsecureCerts: true, browserName: firefox, browserVersion: 70.0.1, javascriptEnabled: true, moz:accessibilityChecks: false, moz:buildID: 20191030021342, moz:geckodriverVersion: 0.24.0, moz:headless: false, moz:processID: 20188, moz:profile: C:\Users\Prod\AppData\Local..., moz:shutdownTimeout: 60000, moz:useNonSpecCompliantPointerOrigin: false, moz:webdriverClick: true, pageLoadStrategy: normal, platform: WINDOWS, platformName: WINDOWS, platformVersion: 10.0, rotatable: false, setWindowRect: true, strictFileInteractability: false, timeouts: {implicit: 0, pageLoad: 300000, script: 30000}, unhandledPromptBehavior: dismiss and notify}
Session ID: fc7120f8-9c73-4bbe-9555-c437fbd48ba8
*** Element info: {Using=xpath, value=//div[@id=&amp;apos;modal-83c5e144-e9e4-1c29-c3f9-05bbbe9d0bd2&amp;apos;]//button[@class=&amp;apos;datepicker-day-button&amp;apos;][contains(text(),&amp;apos;27&amp;apos;)]}">
      <![CDATA[org.openqa.selenium.NoSuchElementException: Unable to locate element: //div[@id='modal-83c5e144-e9e4-1c29-c3f9-05bbbe9d0bd2']//button[@class='datepicker-day-button'][contains(text(),'27')]
For documentation on this error, please visit: https://www.seleniumhq.org/exceptions/no_such_element.html
Build info: version: '4.0.0-alpha-2', revision: 'f148142cf8', time: '2019-07-01T20:55:26'
System info: host: 'SYSTEM-72', ip: '10.9.46.161', os.name: 'Windows 10', os.arch: 'amd64', os.version: '10.0', java.version: '1.8.0_211'
Driver info: org.openqa.selenium.firefox.FirefoxDriver
Capabilities {acceptInsecureCerts: true, browserName: firefox, browserVersion: 70.0.1, javascriptEnabled: true, moz:accessibilityChecks: false, moz:buildID: 20191030021342, moz:geckodriverVersion: 0.24.0, moz:headless: false, moz:processID: 20188, moz:profile: C:\Users\Prod\AppData\Local..., moz:shutdownTimeout: 60000, moz:useNonSpecCompliantPointerOrigin: false, moz:webdriverClick: true, pageLoadStrategy: normal, platform: WINDOWS, platformName: WINDOWS, platformVersion: 10.0, rotatable: false, setWindowRect: true, strictFileInteractability: false, timeouts: {implicit: 0, pageLoad: 300000, script: 30000}, unhandledPromptBehavior: dismiss and notify}
Session ID: fc7120f8-9c73-4bbe-9555-c437fbd48ba8
*** Element info: {Using=xpath, value=//div[@id='modal-83c5e144-e9e4-1c29-c3f9-05bbbe9d0bd2']//button[@class='datepicker-day-button'][contains(text(),'27')]}
at org.openqa.selenium.remote.codec.w3c.W3CHttpResponseCodec.createException(W3CHttpResponseCodec.java:191)
at org.openqa.selenium.remote.codec.w3c.W3CHttpResponseCodec.decode(W3CHttpResponseCodec.java:125)
at org.openqa.selenium.remote.codec.w3c.W3CHttpResponseCodec.decode(W3CHttpResponseCodec.java:52)
at org.openqa.selenium.remote.HttpCommandExecutor.execute(HttpCommandExecutor.java:161)
at org.openqa.selenium.remote.service.DriverCommandExecutor.execute(DriverCommandExecutor.java:83)
at org.openqa.selenium.remote.RemoteWebDriver.execute(RemoteWebDriver.java:576)
at org.openqa.selenium.remote.RemoteWebDriver.findElement(RemoteWebDriver.java:327)
at org.openqa.selenium.remote.RemoteWebDriver.findElementByXPath(RemoteWebDriver.java:445)
at org.openqa.selenium.By$ByXPath.findElement(By.java:353)
at org.openqa.selenium.remote.RemoteWebDriver.findElement(RemoteWebDriver.java:319)
at org.openqa.selenium.support.pagefactory.DefaultElementLocator.findElement(DefaultElementLocator.java:70)
at org.openqa.selenium.support.pagefactory.internal.LocatingElementHandler.invoke(LocatingElementHandler.java:39)
at com.sun.proxy.$Proxy28.click(Unknown Source)
at com.separation.AdminSeparationRequestTest.submitSeparationRequest(AdminSeparationRequestTest.java:52)
... Removed 29 stack frames]]>
    </failure>
  </testcase> <!-- submitSeparationRequest -->
</testsuite> <!-- Test -->
