<?xml version="1.0" encoding="UTF-8"?>
<!-- Generated by org.testng.reporters.JUnitXMLReporter -->
<testsuite hostname="SYSTEM-72" ignored="1" name="Test" tests="1" failures="0" timestamp="02 Oct 2019 05:58:31 GMT" time="25.37" errors="0">
  <testcase name="submitAnexistingCompensationGroupAndVerifyErrorMessage" time="3.606" classname="com.compensationItems.CompItemGroupsTest"/>
  <testcase name="submitNewCompensationGroup" time="0.0" classname="com.compensationItems.CompItemGroupsTest">
    <ignored/>
  </testcase> <!-- submitNewCompensationGroup -->
</testsuite> <!-- Test -->
