<?xml version="1.0" encoding="UTF-8"?>
<!-- Generated by org.testng.reporters.JUnitXMLReporter -->
<testsuite hostname="SYSTEM-72" ignored="25" name="Test" tests="1" failures="1" timestamp="09 Oct 2020 09:57:51 GMT" time="46.796" errors="0">
  <testcase name="applyThreeDaySickLeaveWithDocument" time="29.91" classname="com.leave.LeaveTestToyota">
    <failure type="org.openqa.selenium.TimeoutException" message="Expected condition failed: waiting for element to be clickable: [[ChromeDriver: chrome on WINDOWS (b6ed3372b549e7f668b0f47db5ca61a9)] -&amp;gt; xpath: //div[@id=&amp;apos;snackbar&amp;apos;]/../div[2]] (tried for 20 second(s) with 500 milliseconds interval)
Build info: version: &amp;apos;3.141.59&amp;apos;, revision: &amp;apos;e82be7d358&amp;apos;, time: &amp;apos;2018-11-14T08:17:03&amp;apos;
System info: host: &amp;apos;SYSTEM-72&amp;apos;, ip: &amp;apos;192.168.43.107&amp;apos;, os.name: &amp;apos;Windows 10&amp;apos;, os.arch: &amp;apos;amd64&amp;apos;, os.version: &amp;apos;10.0&amp;apos;, java.version: &amp;apos;1.8.0_211&amp;apos;
Driver info: org.openqa.selenium.chrome.ChromeDriver
Capabilities {acceptInsecureCerts: false, browserName: chrome, browserVersion: 85.0.4183.121, chrome: {chromedriverVersion: 85.0.4183.87 (cd6713ebf92fa..., userDataDir: C:\Users\Prod\AppData\Local...}, goog:chromeOptions: {debuggerAddress: localhost:52920}, javascriptEnabled: true, networkConnectionEnabled: false, pageLoadStrategy: normal, platform: WINDOWS, platformName: WINDOWS, proxy: Proxy(), setWindowRect: true, strictFileInteractability: false, timeouts: {implicit: 0, pageLoad: 300000, script: 30000}, unhandledPromptBehavior: dismiss and notify, webauthn:virtualAuthenticators: true}
Session ID: b6ed3372b549e7f668b0f47db5ca61a9">
      <![CDATA[org.openqa.selenium.TimeoutException: Expected condition failed: waiting for element to be clickable: [[ChromeDriver: chrome on WINDOWS (b6ed3372b549e7f668b0f47db5ca61a9)] -> xpath: //div[@id='snackbar']/../div[2]] (tried for 20 second(s) with 500 milliseconds interval)
Build info: version: '3.141.59', revision: 'e82be7d358', time: '2018-11-14T08:17:03'
System info: host: 'SYSTEM-72', ip: '192.168.43.107', os.name: 'Windows 10', os.arch: 'amd64', os.version: '10.0', java.version: '1.8.0_211'
Driver info: org.openqa.selenium.chrome.ChromeDriver
Capabilities {acceptInsecureCerts: false, browserName: chrome, browserVersion: 85.0.4183.121, chrome: {chromedriverVersion: 85.0.4183.87 (cd6713ebf92fa..., userDataDir: C:\Users\Prod\AppData\Local...}, goog:chromeOptions: {debuggerAddress: localhost:52920}, javascriptEnabled: true, networkConnectionEnabled: false, pageLoadStrategy: normal, platform: WINDOWS, platformName: WINDOWS, proxy: Proxy(), setWindowRect: true, strictFileInteractability: false, timeouts: {implicit: 0, pageLoad: 300000, script: 30000}, unhandledPromptBehavior: dismiss and notify, webauthn:virtualAuthenticators: true}
Session ID: b6ed3372b549e7f668b0f47db5ca61a9
at org.openqa.selenium.support.ui.WebDriverWait.timeoutException(WebDriverWait.java:95)
at org.openqa.selenium.support.ui.FluentWait.until(FluentWait.java:272)
at esp.genericLibraries.WebdriverUtils.waitForElementPresent(WebdriverUtils.java:39)
at com.leave.LeaveTestToyota.applyThreeDaySickLeaveWithDocument(LeaveTestToyota.java:1079)
... Removed 25 stack frames]]>
    </failure>
  </testcase> <!-- applyThreeDaySickLeaveWithDocument -->
  <testcase name="modifyStartDateAndVerify" time="0.0" classname="com.leave.LeaveTestToyota">
    <ignored/>
  </testcase> <!-- modifyStartDateAndVerify -->
  <testcase name="verifyAutoSelectEndSession" time="0.0" classname="com.leave.LeaveTestToyota">
    <ignored/>
  </testcase> <!-- verifyAutoSelectEndSession -->
  <testcase name="applyAndReject" time="0.0" classname="com.leave.LeaveTestToyota">
    <ignored/>
  </testcase> <!-- applyAndReject -->
  <testcase name="LeaveDateMandatory" time="0.0" classname="com.leave.LeaveTestToyota">
    <ignored/>
  </testcase> <!-- LeaveDateMandatory -->
  <testcase name="cancelHalfDayWFHAndVerifyAttendance" time="0.0" classname="com.leave.LeaveTestToyota">
    <ignored/>
  </testcase> <!-- cancelHalfDayWFHAndVerifyAttendance -->
  <testcase name="verifyFileFormat" time="0.0" classname="com.leave.LeaveTestToyota">
    <ignored/>
  </testcase> <!-- verifyFileFormat -->
  <testcase name="verifyLeaveReasonsForLeaveType" time="0.0" classname="com.leave.LeaveTestToyota">
    <ignored/>
  </testcase> <!-- verifyLeaveReasonsForLeaveType -->
  <testcase name="pickTheLeaveTypeAndVerify" time="0.0" classname="com.leave.LeaveTestToyota">
    <ignored/>
  </testcase> <!-- pickTheLeaveTypeAndVerify -->
  <testcase name="verifyDocForThreeDaySickLeave" time="0.0" classname="com.leave.LeaveTestToyota">
    <ignored/>
  </testcase> <!-- verifyDocForThreeDaySickLeave -->
  <testcase name="checkAndVerifyLeaveSessions" time="0.0" classname="com.leave.LeaveTestToyota">
    <ignored/>
  </testcase> <!-- checkAndVerifyLeaveSessions -->
  <testcase name="halfDayAbsent_HalfDayLeave" time="0.0" classname="com.leave.LeaveTestToyota">
    <ignored/>
  </testcase> <!-- halfDayAbsent_HalfDayLeave -->
  <testcase name="halfDayWFH_halfDayWFH" time="0.0" classname="com.leave.LeaveTestToyota">
    <ignored/>
  </testcase> <!-- halfDayWFH_halfDayWFH -->
  <testcase name="halfDayAbsent_HalfDayWFH" time="0.0" classname="com.leave.LeaveTestToyota">
    <ignored/>
  </testcase> <!-- halfDayAbsent_HalfDayWFH -->
  <testcase name="viewLeaveBalanceAndVerify" time="0.0" classname="com.leave.LeaveTestToyota">
    <ignored/>
  </testcase> <!-- viewLeaveBalanceAndVerify -->
  <testcase name="selectFutureDateAndVerify" time="0.0" classname="com.leave.LeaveTestToyota">
    <ignored/>
  </testcase> <!-- selectFutureDateAndVerify -->
  <testcase name="commentsBoxMandatory" time="0.0" classname="com.leave.LeaveTestToyota">
    <ignored/>
  </testcase> <!-- commentsBoxMandatory -->
  <testcase name="verifyLeaveReasonMandatory" time="0.0" classname="com.leave.LeaveTestToyota">
    <ignored/>
  </testcase> <!-- verifyLeaveReasonMandatory -->
  <testcase name="cancelHalfDayAndCancelHalfDay" time="0.0" classname="com.leave.LeaveTestToyota">
    <ignored/>
  </testcase> <!-- cancelHalfDayAndCancelHalfDay -->
  <testcase name="verifyErrorIfLeaveExist" time="0.0" classname="com.leave.LeaveTestToyota">
    <ignored/>
  </testcase> <!-- verifyErrorIfLeaveExist -->
  <testcase name="enterAndVerifyComments" time="0.0" classname="com.leave.LeaveTestToyota">
    <ignored/>
  </testcase> <!-- enterAndVerifyComments -->
  <testcase name="uploadValidDocAndVerify" time="0.0" classname="com.leave.LeaveTestToyota">
    <ignored/>
  </testcase> <!-- uploadValidDocAndVerify -->
  <testcase name="halfDayLeave_HalfDayLeave" time="0.0" classname="com.leave.LeaveTestToyota">
    <ignored/>
  </testcase> <!-- halfDayLeave_HalfDayLeave -->
  <testcase name="clickAndVerifyLeaveTypes" time="0.0" classname="com.leave.LeaveTestToyota">
    <ignored/>
  </testcase> <!-- clickAndVerifyLeaveTypes -->
  <testcase name="verifyLeaveTypeMandatory" time="0.0" classname="com.leave.LeaveTestToyota">
    <ignored/>
  </testcase> <!-- verifyLeaveTypeMandatory -->
  <testcase name="ApplyAndApproveEL" time="0.0" classname="com.leave.LeaveTestToyota">
    <ignored/>
  </testcase> <!-- ApplyAndApproveEL -->
</testsuite> <!-- Test -->
