<?xml version="1.0" encoding="UTF-8"?>
<!-- Generated by org.testng.reporters.JUnitXMLReporter -->
<testsuite hostname="SYSTEM-72" ignored="1" name="Test" tests="1" failures="0" timestamp="20 Jan 2020 05:32:46 GMT" time="20.23" errors="0">
  <testcase name="verifyInitiatedAndRelieveText" time="4.039" classname="com.separation.AdminSeparationRequestTest"/>
  <testcase name="submitSeparationRequest" time="0.0" classname="com.separation.AdminSeparationRequestTest">
    <ignored/>
  </testcase> <!-- submitSeparationRequest -->
</testsuite> <!-- Test -->
