<?xml version="1.0" encoding="UTF-8"?>
<!-- Generated by org.testng.reporters.JUnitXMLReporter -->
<testsuite hostname="SYSTEM-72" ignored="12" name="Test" tests="1" failures="0" timestamp="28 Oct 2019 12:20:40 GMT" time="22.222" errors="0">
  <testcase name="verifyCommentsOnViewWin" time="5.103" classname="com.orgDesignData.LegalEntityManagementTest"/>
  <testcase name="clickEditIconAndSubmitWithoutModifying" time="0.0" classname="com.orgDesignData.LegalEntityManagementTest">
    <ignored/>
  </testcase> <!-- clickEditIconAndSubmitWithoutModifying -->
  <testcase name="modifyLegalEntity" time="0.0" classname="com.orgDesignData.LegalEntityManagementTest">
    <ignored/>
  </testcase> <!-- modifyLegalEntity -->
  <testcase name="submitFormWithKeepingLegalEntityNameBlank" time="0.0" classname="com.orgDesignData.LegalEntityManagementTest">
    <ignored/>
  </testcase> <!-- submitFormWithKeepingLegalEntityNameBlank -->
  <testcase name="verifySizeOfLegalEntityEditbox" time="0.0" classname="com.orgDesignData.LegalEntityManagementTest">
    <ignored/>
  </testcase> <!-- verifySizeOfLegalEntityEditbox -->
  <testcase name="submitFormWithoutPickingCountry" time="0.0" classname="com.orgDesignData.LegalEntityManagementTest">
    <ignored/>
  </testcase> <!-- submitFormWithoutPickingCountry -->
  <testcase name="submitNewLegalEntityAndVerify" time="0.0" classname="com.orgDesignData.LegalEntityManagementTest">
    <ignored/>
  </testcase> <!-- submitNewLegalEntityAndVerify -->
  <testcase name="submitFormWithKeepingRemarksBlank" time="0.0" classname="com.orgDesignData.LegalEntityManagementTest">
    <ignored/>
  </testcase> <!-- submitFormWithKeepingRemarksBlank -->
  <testcase name="submitExistingLegalEntity" time="0.0" classname="com.orgDesignData.LegalEntityManagementTest">
    <ignored/>
  </testcase> <!-- submitExistingLegalEntity -->
  <testcase name="submitFormWithoutPickingEffectiveFromDate" time="0.0" classname="com.orgDesignData.LegalEntityManagementTest">
    <ignored/>
  </testcase> <!-- submitFormWithoutPickingEffectiveFromDate -->
  <testcase name="printAndVerifyAdminValues" time="0.0" classname="com.orgDesignData.LegalEntityManagementTest">
    <ignored/>
  </testcase> <!-- printAndVerifyAdminValues -->
  <testcase name="verifySizeOfRemarksEditbox" time="0.0" classname="com.orgDesignData.LegalEntityManagementTest">
    <ignored/>
  </testcase> <!-- verifySizeOfRemarksEditbox -->
  <testcase name="verifyAdminOption" time="0.0" classname="com.orgDesignData.LegalEntityManagementTest">
    <ignored/>
  </testcase> <!-- verifyAdminOption -->
</testsuite> <!-- Test -->
