<?xml version="1.0" encoding="UTF-8"?>
<!-- Generated by org.testng.reporters.JUnitXMLReporter -->
<testsuite hostname="SYSTEM-72" ignored="2" name="Test" tests="1" failures="0" timestamp="20 Oct 2019 11:34:16 GMT" time="19.55" errors="0">
  <testcase name="submitNewLegalEntityAndVerify" time="2.864" classname="com.orgDesignData.LegalEntityManagementTest"/>
  <testcase name="printAndVerifyAdminValues" time="0.0" classname="com.orgDesignData.LegalEntityManagementTest">
    <ignored/>
  </testcase> <!-- printAndVerifyAdminValues -->
  <testcase name="verifyAdminOption" time="0.0" classname="com.orgDesignData.LegalEntityManagementTest">
    <ignored/>
  </testcase> <!-- verifyAdminOption -->
</testsuite> <!-- Test -->
