<?xml version="1.0" encoding="UTF-8"?>
<!-- Generated by org.testng.reporters.JUnitXMLReporter -->
<testsuite hostname="SYSTEM-72" ignored="26" name="Test" tests="1" failures="0" timestamp="31 Aug 2020 19:25:54 GMT" time="16.115" errors="0">
  <testcase name="modifyAndVerifyOfficialEmail" time="4.257" classname="com.newHire.NewHireTestBluestone"/>
  <testcase name="countryMandatory" time="0.0" classname="com.newHire.NewHireTestBluestone">
    <ignored/>
  </testcase> <!-- countryMandatory -->
  <testcase name="educationDetailsMandatory" time="0.0" classname="com.newHire.NewHireTestBluestone">
    <ignored/>
  </testcase> <!-- educationDetailsMandatory -->
  <testcase name="submitNewHireFormAndValidate" time="0.0" classname="com.newHire.NewHireTestBluestone">
    <ignored/>
  </testcase> <!-- submitNewHireFormAndValidate -->
  <testcase name="employmentTypeMandatory" time="0.0" classname="com.newHire.NewHireTestBluestone">
    <ignored/>
  </testcase> <!-- employmentTypeMandatory -->
  <testcase name="gradeMandatory" time="0.0" classname="com.newHire.NewHireTestBluestone">
    <ignored/>
  </testcase> <!-- gradeMandatory -->
  <testcase name="verifyTitleDropdownValues" time="0.0" classname="com.newHire.NewHireTestBluestone">
    <ignored/>
  </testcase> <!-- verifyTitleDropdownValues -->
  <testcase name="departmentMandatory" time="0.0" classname="com.newHire.NewHireTestBluestone">
    <ignored/>
  </testcase> <!-- departmentMandatory -->
  <testcase name="SubmitAadhaarAndVerify" time="0.0" classname="com.newHire.NewHireTestBluestone">
    <ignored/>
  </testcase> <!-- SubmitAadhaarAndVerify -->
  <testcase name="locationMandatory" time="0.0" classname="com.newHire.NewHireTestBluestone">
    <ignored/>
  </testcase> <!-- locationMandatory -->
  <testcase name="employeeIdMandatory" time="0.0" classname="com.newHire.NewHireTestBluestone">
    <ignored/>
  </testcase> <!-- employeeIdMandatory -->
  <testcase name="addAndValidateFamilyDetails" time="0.0" classname="com.newHire.NewHireTestBluestone">
    <ignored/>
  </testcase> <!-- addAndValidateFamilyDetails -->
  <testcase name="firstNameMandatory" time="0.0" classname="com.newHire.NewHireTestBluestone">
    <ignored/>
  </testcase> <!-- firstNameMandatory -->
  <testcase name="employmentStatusMandatory" time="0.0" classname="com.newHire.NewHireTestBluestone">
    <ignored/>
  </testcase> <!-- employmentStatusMandatory -->
  <testcase name="emailIdMandatory" time="0.0" classname="com.newHire.NewHireTestBluestone">
    <ignored/>
  </testcase> <!-- emailIdMandatory -->
  <testcase name="legalEntityMandatory" time="0.0" classname="com.newHire.NewHireTestBluestone">
    <ignored/>
  </testcase> <!-- legalEntityMandatory -->
  <testcase name="reportingHiringManagerMandatory" time="0.0" classname="com.newHire.NewHireTestBluestone">
    <ignored/>
  </testcase> <!-- reportingHiringManagerMandatory -->
  <testcase name="AddAndVerifyEmergencyContactDetails" time="0.0" classname="com.newHire.NewHireTestBluestone">
    <ignored/>
  </testcase> <!-- AddAndVerifyEmergencyContactDetails -->
  <testcase name="joiningDateMandatory" time="0.0" classname="com.newHire.NewHireTestBluestone">
    <ignored/>
  </testcase> <!-- joiningDateMandatory -->
  <testcase name="designationMandatory" time="0.0" classname="com.newHire.NewHireTestBluestone">
    <ignored/>
  </testcase> <!-- designationMandatory -->
  <testcase name="lastNameMandatory" time="0.0" classname="com.newHire.NewHireTestBluestone">
    <ignored/>
  </testcase> <!-- lastNameMandatory -->
  <testcase name="submitContactDetailsAndValidate" time="0.0" classname="com.newHire.NewHireTestBluestone">
    <ignored/>
  </testcase> <!-- submitContactDetailsAndValidate -->
  <testcase name="ft_ptIndictorMandatory" time="0.0" classname="com.newHire.NewHireTestBluestone">
    <ignored/>
  </testcase> <!-- ft_ptIndictorMandatory -->
  <testcase name="addPersonalEmailAndVerify" time="0.0" classname="com.newHire.NewHireTestBluestone">
    <ignored/>
  </testcase> <!-- addPersonalEmailAndVerify -->
  <testcase name="validateCompensation" time="0.0" classname="com.newHire.NewHireTestBluestone">
    <ignored/>
  </testcase> <!-- validateCompensation -->
  <testcase name="addCurrentAddressAndVerify" time="0.0" classname="com.newHire.NewHireTestBluestone">
    <ignored/>
  </testcase> <!-- addCurrentAddressAndVerify -->
  <testcase name="submitBankDetailsAndVerify" time="0.0" classname="com.newHire.NewHireTestBluestone">
    <ignored/>
  </testcase> <!-- submitBankDetailsAndVerify -->
</testsuite> <!-- Test -->
