<?xml version="1.0" encoding="UTF-8"?>
<!-- Generated by org.testng.reporters.JUnitXMLReporter -->
<testsuite hostname="SYSTEM-72" ignored="1" name="Test" tests="25" failures="1" timestamp="08 Oct 2019 04:11:49 GMT" time="159.093" errors="0">
  <testcase name="VerifyErrorForkeepingTitleWinBlank" time="1.936" classname="com.newHire.NewHireTest"/>
  <testcase name="checkErrorForKeepingCityOfBirthBlank" time="2.314" classname="com.newHire.NewHireTest"/>
  <testcase name="checkErrorForKeepingReferalSearchBoxBlank" time="2.886" classname="com.newHire.NewHireTest"/>
  <testcase name="checkErrorForKeepingRelevantExpEditboxBlank" time="2.471" classname="com.newHire.NewHireTest"/>
  <testcase name="checkErrorForNotPickingCitizenShip" time="1.808" classname="com.newHire.NewHireTest"/>
  <testcase name="checkErrorForNotPickingEducationDetails" time="1.899" classname="com.newHire.NewHireTest"/>
  <testcase name="checkErrorForNotPickingGender" time="1.908" classname="com.newHire.NewHireTest"/>
  <testcase name="checkErrorForNotPickingGroupJoiningDate" time="1.766" classname="com.newHire.NewHireTest"/>
  <testcase name="checkErrorForNotPickingJoiningDate" time="1.755" classname="com.newHire.NewHireTest"/>
  <testcase name="checkErrorForNotPickingUniversityName" time="2.7" classname="com.newHire.NewHireTest"/>
  <testcase name="checkErrorForNotSelectingMaritalStatus" time="1.875" classname="com.newHire.NewHireTest"/>
  <testcase name="checkErrorMessageForEnteringExistingEmail" time="18.257" classname="com.newHire.NewHireTest">
    <failure type="java.lang.AssertionError" message="expected [Mail Id already Exists.] but found [The User Handle already exists in the system. Please correct.]">
      <![CDATA[java.lang.AssertionError: expected [Mail Id already Exists.] but found [The User Handle already exists in the system. Please correct.]
at com.newHire.NewHireTest.checkErrorMessageForEnteringExistingEmail(NewHireTest.java:389)
... Removed 31 stack frames]]>
    </failure>
  </testcase> <!-- checkErrorMessageForEnteringExistingEmail -->
  <testcase name="checkErrorMessageForNotPickingDOB" time="2.209" classname="com.newHire.NewHireTest"/>
  <testcase name="checkErrorMessageForNotPickingStateOfBirth" time="2.957" classname="com.newHire.NewHireTest"/>
  <testcase name="clickAndverifyTitleDropdownValues" time="3.499" classname="com.newHire.NewHireTest"/>
  <testcase name="enterExistEmployeeIdAndValidateErrorMessage" time="16.338" classname="com.newHire.NewHireTest"/>
  <testcase name="keepEmailIdSectionBlankAndVerifyError" time="2.507" classname="com.newHire.NewHireTest"/>
  <testcase name="makeBothDOB_JoiningDateEqualAndverifyError" time="14.784" classname="com.newHire.NewHireTest"/>
  <testcase name="makeEmployeeIdEditboxBlankAndValidateError" time="2.521" classname="com.newHire.NewHireTest"/>
  <testcase name="verifyErrorForNotPickingCountry" time="1.928" classname="com.newHire.NewHireTest"/>
  <testcase name="verifyErrorForNotPickingLegalEntity" time="3.228" classname="com.newHire.NewHireTest"/>
  <testcase name="verifyErrorForNotPickingLocation" time="2.879" classname="com.newHire.NewHireTest"/>
  <testcase name="verifyErrorMessageForKeepingFirstNameBlank" time="2.571" classname="com.newHire.NewHireTest"/>
  <testcase name="verifyErrorMessageForKeepingLastNameBlank" time="2.838" classname="com.newHire.NewHireTest"/>
  <testcase name="verifyErrorMessageForNotPickingCountryOfBirth" time="2.8" classname="com.newHire.NewHireTest"/>
  <testcase name="submitNewHireFormAndValidateActivateButton" time="0.0" classname="com.newHire.NewHireTest">
    <ignored/>
  </testcase> <!-- submitNewHireFormAndValidateActivateButton -->
</testsuite> <!-- Test -->
