<?xml version="1.0" encoding="UTF-8"?>
<!-- Generated by org.testng.reporters.JUnitXMLReporter -->
<testsuite hostname="SYSTEM-72" ignored="13" name="Test" tests="1" failures="1" timestamp="28 Oct 2019 13:04:33 GMT" time="20.381" errors="0">
  <testcase name="deleteLegalEntity" time="2.471" classname="com.orgDesignData.LegalEntityManagementTest">
    <failure type="java.lang.AssertionError" message="expected [false] but found [true]">
      <![CDATA[java.lang.AssertionError: expected [false] but found [true]
at com.orgDesignData.LegalEntityManagementTest.deleteLegalEntity(LegalEntityManagementTest.java:547)
... Removed 29 stack frames]]>
    </failure>
  </testcase> <!-- deleteLegalEntity -->
  <testcase name="submitFormWithKeepingLegalEntityNameBlank" time="0.0" classname="com.orgDesignData.LegalEntityManagementTest">
    <ignored/>
  </testcase> <!-- submitFormWithKeepingLegalEntityNameBlank -->
  <testcase name="submitFormWithKeepingRemarksBlank" time="0.0" classname="com.orgDesignData.LegalEntityManagementTest">
    <ignored/>
  </testcase> <!-- submitFormWithKeepingRemarksBlank -->
  <testcase name="verifyCommentsOnViewWin" time="0.0" classname="com.orgDesignData.LegalEntityManagementTest">
    <ignored/>
  </testcase> <!-- verifyCommentsOnViewWin -->
  <testcase name="clickEditIconAndSubmitWithoutModifying" time="0.0" classname="com.orgDesignData.LegalEntityManagementTest">
    <ignored/>
  </testcase> <!-- clickEditIconAndSubmitWithoutModifying -->
  <testcase name="modifyLegalEntity" time="0.0" classname="com.orgDesignData.LegalEntityManagementTest">
    <ignored/>
  </testcase> <!-- modifyLegalEntity -->
  <testcase name="verifySizeOfLegalEntityEditbox" time="0.0" classname="com.orgDesignData.LegalEntityManagementTest">
    <ignored/>
  </testcase> <!-- verifySizeOfLegalEntityEditbox -->
  <testcase name="submitFormWithoutPickingCountry" time="0.0" classname="com.orgDesignData.LegalEntityManagementTest">
    <ignored/>
  </testcase> <!-- submitFormWithoutPickingCountry -->
  <testcase name="submitNewLegalEntityAndVerify" time="0.0" classname="com.orgDesignData.LegalEntityManagementTest">
    <ignored/>
  </testcase> <!-- submitNewLegalEntityAndVerify -->
  <testcase name="submitExistingLegalEntity" time="0.0" classname="com.orgDesignData.LegalEntityManagementTest">
    <ignored/>
  </testcase> <!-- submitExistingLegalEntity -->
  <testcase name="submitFormWithoutPickingEffectiveFromDate" time="0.0" classname="com.orgDesignData.LegalEntityManagementTest">
    <ignored/>
  </testcase> <!-- submitFormWithoutPickingEffectiveFromDate -->
  <testcase name="printAndVerifyAdminValues" time="0.0" classname="com.orgDesignData.LegalEntityManagementTest">
    <ignored/>
  </testcase> <!-- printAndVerifyAdminValues -->
  <testcase name="verifyAdminOption" time="0.0" classname="com.orgDesignData.LegalEntityManagementTest">
    <ignored/>
  </testcase> <!-- verifyAdminOption -->
  <testcase name="verifySizeOfRemarksEditbox" time="0.0" classname="com.orgDesignData.LegalEntityManagementTest">
    <ignored/>
  </testcase> <!-- verifySizeOfRemarksEditbox -->
</testsuite> <!-- Test -->
