<?xml version="1.0" encoding="UTF-8"?>
<!-- Generated by org.testng.reporters.JUnitXMLReporter -->
<testsuite hostname="SYSTEM-72" ignored="1" name="Test" tests="1" failures="0" timestamp="01 Oct 2019 17:09:36 GMT" time="19.249" errors="0">
  <testcase name="submitNewCompensationGroup" time="0.715" classname="com.compensationItems.CompItemGroupsTest"/>
  <testcase name="submitAnexistingCompensationGroup" time="0.0" classname="com.compensationItems.CompItemGroupsTest">
    <ignored/>
  </testcase> <!-- submitAnexistingCompensationGroup -->
</testsuite> <!-- Test -->
