<?xml version="1.0" encoding="UTF-8"?>
<!-- Generated by org.testng.reporters.JUnitXMLReporter -->
<testsuite hostname="SYSTEM-72" ignored="0" name="Test" tests="8" failures="1" timestamp="28 Oct 2019 03:16:24 GMT" time="89.751" errors="0">
  <testcase name="printAndVerifyAdminValues" time="6.384" classname="com.orgDesignData.LegalEntityManagementTest"/>
  <testcase name="submitExistingLegalEntity" time="6.15" classname="com.orgDesignData.LegalEntityManagementTest">
    <failure type="java.lang.AssertionError" message="expected [Same legal entity name already exist] but found []">
      <![CDATA[java.lang.AssertionError: expected [Same legal entity name already exist] but found []
at com.orgDesignData.LegalEntityManagementTest.submitExistingLegalEntity(LegalEntityManagementTest.java:147)
... Removed 31 stack frames]]>
    </failure>
  </testcase> <!-- submitExistingLegalEntity -->
  <testcase name="submitFormWithKeepingLegalEntityNameBlank" time="5.502" classname="com.orgDesignData.LegalEntityManagementTest"/>
  <testcase name="submitFormWithKeepingRemarksBlank" time="5.495" classname="com.orgDesignData.LegalEntityManagementTest"/>
  <testcase name="submitFormWithoutPickingCountry" time="2.979" classname="com.orgDesignData.LegalEntityManagementTest"/>
  <testcase name="submitFormWithoutPickingEffectiveFromDate" time="4.889" classname="com.orgDesignData.LegalEntityManagementTest"/>
  <testcase name="submitNewLegalEntityAndVerify" time="8.188" classname="com.orgDesignData.LegalEntityManagementTest"/>
  <testcase name="verifyAdminOption" time="0.239" classname="com.orgDesignData.LegalEntityManagementTest"/>
</testsuite> <!-- Test -->
