<?xml version="1.0" encoding="UTF-8"?>
<!-- Generated by org.testng.reporters.JUnitXMLReporter -->
<testsuite hostname="SYSTEM-72" ignored="7" name="Test" tests="1" failures="0" timestamp="24 Oct 2019 16:42:36 GMT" time="24.033" errors="0">
  <testcase name="submitFormWithKeepingRemarksBlank" time="6.475" classname="com.orgDesignData.LegalEntityManagementTest"/>
  <testcase name="submitFormWithKeepingLegalEntityNameBlank" time="0.0" classname="com.orgDesignData.LegalEntityManagementTest">
    <ignored/>
  </testcase> <!-- submitFormWithKeepingLegalEntityNameBlank -->
  <testcase name="submitFormWithoutPickingCountry" time="0.0" classname="com.orgDesignData.LegalEntityManagementTest">
    <ignored/>
  </testcase> <!-- submitFormWithoutPickingCountry -->
  <testcase name="submitNewLegalEntityAndVerify" time="0.0" classname="com.orgDesignData.LegalEntityManagementTest">
    <ignored/>
  </testcase> <!-- submitNewLegalEntityAndVerify -->
  <testcase name="submitExistingLegalEntity" time="0.0" classname="com.orgDesignData.LegalEntityManagementTest">
    <ignored/>
  </testcase> <!-- submitExistingLegalEntity -->
  <testcase name="submitFormWithoutPickingEffectiveFromDate" time="0.0" classname="com.orgDesignData.LegalEntityManagementTest">
    <ignored/>
  </testcase> <!-- submitFormWithoutPickingEffectiveFromDate -->
  <testcase name="printAndVerifyAdminValues" time="0.0" classname="com.orgDesignData.LegalEntityManagementTest">
    <ignored/>
  </testcase> <!-- printAndVerifyAdminValues -->
  <testcase name="verifyAdminOption" time="0.0" classname="com.orgDesignData.LegalEntityManagementTest">
    <ignored/>
  </testcase> <!-- verifyAdminOption -->
</testsuite> <!-- Test -->
