<?xml version="1.0" encoding="UTF-8"?>
<!-- Generated by org.testng.reporters.JUnitXMLReporter -->
<testsuite hostname="SYSTEM-72" ignored="26" name="Test" tests="1" failures="0" timestamp="14 Oct 2020 10:52:52 GMT" time="15.83" errors="0">
  <testcase name="viewLeaveBalanceAndVerify" time="1.706" classname="com.leave.LeaveTestToyota"/>
  <testcase name="modifyStartDateAndVerify" time="0.0" classname="com.leave.LeaveTestToyota">
    <ignored/>
  </testcase> <!-- modifyStartDateAndVerify -->
  <testcase name="applyThreeDaySickLeaveWithDocument" time="0.0" classname="com.leave.LeaveTestToyota">
    <ignored/>
  </testcase> <!-- applyThreeDaySickLeaveWithDocument -->
  <testcase name="verifyAutoSelectEndSession" time="0.0" classname="com.leave.LeaveTestToyota">
    <ignored/>
  </testcase> <!-- verifyAutoSelectEndSession -->
  <testcase name="applyAndReject" time="0.0" classname="com.leave.LeaveTestToyota">
    <ignored/>
  </testcase> <!-- applyAndReject -->
  <testcase name="LeaveDateMandatory" time="0.0" classname="com.leave.LeaveTestToyota">
    <ignored/>
  </testcase> <!-- LeaveDateMandatory -->
  <testcase name="cancelHalfDayWFHAndVerifyAttendance" time="0.0" classname="com.leave.LeaveTestToyota">
    <ignored/>
  </testcase> <!-- cancelHalfDayWFHAndVerifyAttendance -->
  <testcase name="verifyAllMandatoryFields" time="0.0" classname="com.leave.LeaveTestToyota">
    <ignored/>
  </testcase> <!-- verifyAllMandatoryFields -->
  <testcase name="verifyFileFormat" time="0.0" classname="com.leave.LeaveTestToyota">
    <ignored/>
  </testcase> <!-- verifyFileFormat -->
  <testcase name="verifyLeaveReasonsForLeaveType" time="0.0" classname="com.leave.LeaveTestToyota">
    <ignored/>
  </testcase> <!-- verifyLeaveReasonsForLeaveType -->
  <testcase name="pickTheLeaveTypeAndVerify" time="0.0" classname="com.leave.LeaveTestToyota">
    <ignored/>
  </testcase> <!-- pickTheLeaveTypeAndVerify -->
  <testcase name="verifyDocForThreeDaySickLeave" time="0.0" classname="com.leave.LeaveTestToyota">
    <ignored/>
  </testcase> <!-- verifyDocForThreeDaySickLeave -->
  <testcase name="checkAndVerifyLeaveSessions" time="0.0" classname="com.leave.LeaveTestToyota">
    <ignored/>
  </testcase> <!-- checkAndVerifyLeaveSessions -->
  <testcase name="halfDayAbsent_HalfDayLeave" time="0.0" classname="com.leave.LeaveTestToyota">
    <ignored/>
  </testcase> <!-- halfDayAbsent_HalfDayLeave -->
  <testcase name="halfDayWFH_halfDayWFH" time="0.0" classname="com.leave.LeaveTestToyota">
    <ignored/>
  </testcase> <!-- halfDayWFH_halfDayWFH -->
  <testcase name="halfDayAbsent_HalfDayWFH" time="0.0" classname="com.leave.LeaveTestToyota">
    <ignored/>
  </testcase> <!-- halfDayAbsent_HalfDayWFH -->
  <testcase name="selectFutureDateAndVerify" time="0.0" classname="com.leave.LeaveTestToyota">
    <ignored/>
  </testcase> <!-- selectFutureDateAndVerify -->
  <testcase name="commentsBoxMandatory" time="0.0" classname="com.leave.LeaveTestToyota">
    <ignored/>
  </testcase> <!-- commentsBoxMandatory -->
  <testcase name="verifyLeaveReasonMandatory" time="0.0" classname="com.leave.LeaveTestToyota">
    <ignored/>
  </testcase> <!-- verifyLeaveReasonMandatory -->
  <testcase name="cancelHalfDayAndCancelHalfDay" time="0.0" classname="com.leave.LeaveTestToyota">
    <ignored/>
  </testcase> <!-- cancelHalfDayAndCancelHalfDay -->
  <testcase name="verifyErrorIfLeaveExist" time="0.0" classname="com.leave.LeaveTestToyota">
    <ignored/>
  </testcase> <!-- verifyErrorIfLeaveExist -->
  <testcase name="enterAndVerifyComments" time="0.0" classname="com.leave.LeaveTestToyota">
    <ignored/>
  </testcase> <!-- enterAndVerifyComments -->
  <testcase name="uploadValidDocAndVerify" time="0.0" classname="com.leave.LeaveTestToyota">
    <ignored/>
  </testcase> <!-- uploadValidDocAndVerify -->
  <testcase name="halfDayLeave_HalfDayLeave" time="0.0" classname="com.leave.LeaveTestToyota">
    <ignored/>
  </testcase> <!-- halfDayLeave_HalfDayLeave -->
  <testcase name="clickAndVerifyLeaveTypes" time="0.0" classname="com.leave.LeaveTestToyota">
    <ignored/>
  </testcase> <!-- clickAndVerifyLeaveTypes -->
  <testcase name="verifyLeaveTypeMandatory" time="0.0" classname="com.leave.LeaveTestToyota">
    <ignored/>
  </testcase> <!-- verifyLeaveTypeMandatory -->
  <testcase name="ApplyAndApproveEL" time="0.0" classname="com.leave.LeaveTestToyota">
    <ignored/>
  </testcase> <!-- ApplyAndApproveEL -->
</testsuite> <!-- Test -->
