<?xml version="1.0" encoding="UTF-8"?>
<!-- Generated by org.testng.reporters.JUnitXMLReporter -->
<testsuite hostname="SYSTEM-72" ignored="1" name="Test" tests="1" failures="0" timestamp="15 Oct 2019 18:12:32 GMT" time="17.391" errors="0">
  <testcase name="printAndVerifyAdminValues" time="0.593" classname="com.orgDesignData.LegalEntityManagementTest"/>
  <testcase name="verifyAdminOption" time="0.0" classname="com.orgDesignData.LegalEntityManagementTest">
    <ignored/>
  </testcase> <!-- verifyAdminOption -->
</testsuite> <!-- Test -->
