<?xml version="1.0" encoding="UTF-8"?>
<testng-results skipped="0" failed="0" ignored="37" total="38" passed="1">
  <reporter-output>
  </reporter-output>
  <suite name="Suite" duration-ms="57702" started-at="2019-10-09T17:35:50Z" finished-at="2019-10-09T17:36:48Z">
    <groups>
      <group name="Smoke">
        <method signature="NewHireTest.submitNewHireFormAndValidateActivateButton()[pri:-1, instance:com.newHire.NewHireTest@5c30a9b0]" name="submitNewHireFormAndValidateActivateButton" class="com.newHire.NewHireTest"/>
      </group> <!-- Smoke -->
    </groups>
    <test name="Test" duration-ms="57702" started-at="2019-10-09T17:35:50Z" finished-at="2019-10-09T17:36:48Z">
      <class name="com.newHire.NewHireTest">
        <test-method status="PASS" signature="openBrowser(java.lang.String)[pri:0, instance:com.newHire.NewHireTest@5c30a9b0]" name="openBrowser" is-config="true" duration-ms="7562" started-at="2019-10-09T17:35:50Z" finished-at="2019-10-09T17:35:58Z">
          <params>
            <param index="0">
              <value>
                <![CDATA[firefox 68]]>
              </value>
            </param>
          </params>
          <reporter-output>
          </reporter-output>
        </test-method> <!-- openBrowser -->
        <test-method status="PASS" signature="login()[pri:0, instance:com.newHire.NewHireTest@5c30a9b0]" name="login" is-config="true" duration-ms="3728" started-at="2019-10-09T17:35:58Z" finished-at="2019-10-09T17:36:02Z">
          <reporter-output>
          </reporter-output>
        </test-method> <!-- login -->
        <test-method status="PASS" signature="submitNewHireFormAndValidateActivateButton()[pri:-1, instance:com.newHire.NewHireTest@5c30a9b0]" name="submitNewHireFormAndValidateActivateButton" duration-ms="42677" started-at="2019-10-09T17:36:02Z" finished-at="2019-10-09T17:36:44Z">
          <reporter-output>
          </reporter-output>
        </test-method> <!-- submitNewHireFormAndValidateActivateButton -->
        <test-method status="PASS" signature="tearDown()[pri:0, instance:com.newHire.NewHireTest@5c30a9b0]" name="tearDown" is-config="true" duration-ms="816" started-at="2019-10-09T17:36:44Z" finished-at="2019-10-09T17:36:45Z">
          <reporter-output>
          </reporter-output>
        </test-method> <!-- tearDown -->
        <test-method status="PASS" signature="closeBrowser()[pri:0, instance:com.newHire.NewHireTest@5c30a9b0]" name="closeBrowser" is-config="true" duration-ms="2885" started-at="2019-10-09T17:36:45Z" finished-at="2019-10-09T17:36:48Z">
          <reporter-output>
          </reporter-output>
        </test-method> <!-- closeBrowser -->
      </class> <!-- com.newHire.NewHireTest -->
    </test> <!-- Test -->
  </suite> <!-- Suite -->
</testng-results>
