<?xml version="1.0" encoding="UTF-8"?>
<testng-results skipped="0" failed="0" ignored="1" total="2" passed="1">
  <reporter-output>
  </reporter-output>
  <suite name="Suite" duration-ms="20230" started-at="2020-01-20T05:32:25Z" finished-at="2020-01-20T05:32:46Z">
    <groups>
    </groups>
    <test name="Test" duration-ms="20230" started-at="2020-01-20T05:32:25Z" finished-at="2020-01-20T05:32:46Z">
      <class name="com.separation.AdminSeparationRequestTest">
        <test-method status="PASS" signature="openBrowser(java.lang.String)[pri:0, instance:com.separation.AdminSeparationRequestTest@3911c2a7]" name="openBrowser" is-config="true" duration-ms="5942" started-at="2020-01-20T05:32:25Z" finished-at="2020-01-20T05:32:31Z">
          <params>
            <param index="0">
              <value>
                <![CDATA[firefox 68]]>
              </value>
            </param>
          </params>
          <reporter-output>
          </reporter-output>
        </test-method> <!-- openBrowser -->
        <test-method status="PASS" signature="login()[pri:0, instance:com.separation.AdminSeparationRequestTest@3911c2a7]" name="login" is-config="true" duration-ms="4574" started-at="2020-01-20T05:32:31Z" finished-at="2020-01-20T05:32:36Z">
          <reporter-output>
          </reporter-output>
        </test-method> <!-- login -->
        <test-method status="PASS" signature="verifyInitiatedAndRelieveText()[pri:0, instance:com.separation.AdminSeparationRequestTest@3911c2a7]" name="verifyInitiatedAndRelieveText" duration-ms="4039" started-at="2020-01-20T05:32:36Z" finished-at="2020-01-20T05:32:40Z">
          <reporter-output>
          </reporter-output>
        </test-method> <!-- verifyInitiatedAndRelieveText -->
        <test-method status="PASS" signature="tearDown()[pri:0, instance:com.separation.AdminSeparationRequestTest@3911c2a7]" name="tearDown" is-config="true" duration-ms="708" started-at="2020-01-20T05:32:40Z" finished-at="2020-01-20T05:32:41Z">
          <reporter-output>
          </reporter-output>
        </test-method> <!-- tearDown -->
        <test-method status="PASS" signature="closeBrowser()[pri:0, instance:com.separation.AdminSeparationRequestTest@3911c2a7]" name="closeBrowser" is-config="true" duration-ms="4937" started-at="2020-01-20T05:32:41Z" finished-at="2020-01-20T05:32:46Z">
          <reporter-output>
          </reporter-output>
        </test-method> <!-- closeBrowser -->
      </class> <!-- com.separation.AdminSeparationRequestTest -->
    </test> <!-- Test -->
  </suite> <!-- Suite -->
</testng-results>
