<?xml version="1.0" encoding="UTF-8"?>
<testng-results skipped="0" failed="0" ignored="1" total="2" passed="1">
  <reporter-output>
  </reporter-output>
  <suite name="Default suite" duration-ms="25418" started-at="2020-07-05T10:57:56Z" finished-at="2020-07-05T10:58:22Z">
    <groups>
    </groups>
    <test name="Default test" duration-ms="25418" started-at="2020-07-05T10:57:56Z" finished-at="2020-07-05T10:58:22Z">
      <class name="com.newHire.NewHireTestBluestone">
        <test-method status="PASS" signature="openBrowser()[pri:0, instance:com.newHire.NewHireTestBluestone@11dc3715]" name="openBrowser" is-config="true" duration-ms="6732" started-at="2020-07-05T10:57:56Z" finished-at="2020-07-05T10:58:03Z">
          <reporter-output>
          </reporter-output>
        </test-method> <!-- openBrowser -->
        <test-method status="PASS" signature="login()[pri:0, instance:com.newHire.NewHireTestBluestone@11dc3715]" name="login" is-config="true" duration-ms="8736" started-at="2020-07-05T10:58:03Z" finished-at="2020-07-05T10:58:12Z">
          <reporter-output>
          </reporter-output>
        </test-method> <!-- login -->
        <test-method status="PASS" signature="validateCompensation()[pri:0, instance:com.newHire.NewHireTestBluestone@11dc3715]" name="validateCompensation" duration-ms="8288" started-at="2020-07-05T10:58:12Z" finished-at="2020-07-05T10:58:20Z">
          <reporter-output>
          </reporter-output>
        </test-method> <!-- validateCompensation -->
        <test-method status="PASS" signature="tearDown()[pri:0, instance:com.newHire.NewHireTestBluestone@11dc3715]" name="tearDown" is-config="true" duration-ms="820" started-at="2020-07-05T10:58:20Z" finished-at="2020-07-05T10:58:21Z">
          <reporter-output>
          </reporter-output>
        </test-method> <!-- tearDown -->
        <test-method status="PASS" signature="closeBrowser()[pri:0, instance:com.newHire.NewHireTestBluestone@11dc3715]" name="closeBrowser" is-config="true" duration-ms="825" started-at="2020-07-05T10:58:21Z" finished-at="2020-07-05T10:58:22Z">
          <reporter-output>
          </reporter-output>
        </test-method> <!-- closeBrowser -->
      </class> <!-- com.newHire.NewHireTestBluestone -->
    </test> <!-- Default test -->
  </suite> <!-- Default suite -->
</testng-results>
