<?xml version="1.0" encoding="UTF-8"?>
<testng-results skipped="0" failed="0" ignored="1" total="2" passed="1">
  <reporter-output>
  </reporter-output>
  <suite name="Suite" duration-ms="17391" started-at="2019-10-15T18:12:14Z" finished-at="2019-10-15T18:12:32Z">
    <groups>
    </groups>
    <test name="Test" duration-ms="17391" started-at="2019-10-15T18:12:14Z" finished-at="2019-10-15T18:12:32Z">
      <class name="com.orgDesignData.LegalEntityManagementTest">
        <test-method status="PASS" signature="openBrowser(java.lang.String)[pri:0, instance:com.orgDesignData.LegalEntityManagementTest@21de60b4]" name="openBrowser" is-config="true" duration-ms="6725" started-at="2019-10-15T18:12:14Z" finished-at="2019-10-15T18:12:21Z">
          <params>
            <param index="0">
              <value>
                <![CDATA[firefox 68]]>
              </value>
            </param>
          </params>
          <reporter-output>
          </reporter-output>
        </test-method> <!-- openBrowser -->
        <test-method status="PASS" signature="login()[pri:0, instance:com.orgDesignData.LegalEntityManagementTest@21de60b4]" name="login" is-config="true" duration-ms="3311" started-at="2019-10-15T18:12:21Z" finished-at="2019-10-15T18:12:24Z">
          <reporter-output>
          </reporter-output>
        </test-method> <!-- login -->
        <test-method status="PASS" signature="printAndVerifyAdminValues()[pri:0, instance:com.orgDesignData.LegalEntityManagementTest@21de60b4]" name="printAndVerifyAdminValues" duration-ms="593" started-at="2019-10-15T18:12:24Z" finished-at="2019-10-15T18:12:25Z">
          <reporter-output>
          </reporter-output>
        </test-method> <!-- printAndVerifyAdminValues -->
        <test-method status="PASS" signature="tearDown()[pri:0, instance:com.orgDesignData.LegalEntityManagementTest@21de60b4]" name="tearDown" is-config="true" duration-ms="739" started-at="2019-10-15T18:12:25Z" finished-at="2019-10-15T18:12:26Z">
          <reporter-output>
          </reporter-output>
        </test-method> <!-- tearDown -->
        <test-method status="PASS" signature="closeBrowser()[pri:0, instance:com.orgDesignData.LegalEntityManagementTest@21de60b4]" name="closeBrowser" is-config="true" duration-ms="6003" started-at="2019-10-15T18:12:26Z" finished-at="2019-10-15T18:12:32Z">
          <reporter-output>
          </reporter-output>
        </test-method> <!-- closeBrowser -->
      </class> <!-- com.orgDesignData.LegalEntityManagementTest -->
    </test> <!-- Test -->
  </suite> <!-- Suite -->
</testng-results>
