<?xml version="1.0" encoding="UTF-8"?>
<testng-results skipped="0" failed="1" ignored="0" total="8" passed="7">
  <reporter-output>
  </reporter-output>
  <suite name="Suite" duration-ms="89751" started-at="2019-10-28T03:14:54Z" finished-at="2019-10-28T03:16:24Z">
    <groups>
    </groups>
    <test name="Test" duration-ms="89751" started-at="2019-10-28T03:14:54Z" finished-at="2019-10-28T03:16:24Z">
      <class name="com.orgDesignData.LegalEntityManagementTest">
        <test-method status="PASS" signature="openBrowser(java.lang.String)[pri:0, instance:com.orgDesignData.LegalEntityManagementTest@6a28ffa4]" name="openBrowser" is-config="true" duration-ms="27794" started-at="2019-10-28T03:14:54Z" finished-at="2019-10-28T03:15:22Z">
          <params>
            <param index="0">
              <value>
                <![CDATA[firefox 68]]>
              </value>
            </param>
          </params>
          <reporter-output>
          </reporter-output>
        </test-method> <!-- openBrowser -->
        <test-method status="PASS" signature="login()[pri:0, instance:com.orgDesignData.LegalEntityManagementTest@6a28ffa4]" name="login" is-config="true" duration-ms="7039" started-at="2019-10-28T03:15:22Z" finished-at="2019-10-28T03:15:29Z">
          <reporter-output>
          </reporter-output>
        </test-method> <!-- login -->
        <test-method status="PASS" signature="printAndVerifyAdminValues()[pri:0, instance:com.orgDesignData.LegalEntityManagementTest@6a28ffa4]" name="printAndVerifyAdminValues" duration-ms="6384" started-at="2019-10-28T03:15:29Z" finished-at="2019-10-28T03:15:36Z">
          <reporter-output>
          </reporter-output>
        </test-method> <!-- printAndVerifyAdminValues -->
        <test-method status="PASS" signature="tearDown()[pri:0, instance:com.orgDesignData.LegalEntityManagementTest@6a28ffa4]" name="tearDown" is-config="true" duration-ms="1136" started-at="2019-10-28T03:15:36Z" finished-at="2019-10-28T03:15:37Z">
          <reporter-output>
          </reporter-output>
        </test-method> <!-- tearDown -->
        <test-method status="PASS" signature="login()[pri:0, instance:com.orgDesignData.LegalEntityManagementTest@6a28ffa4]" name="login" is-config="true" duration-ms="1282" started-at="2019-10-28T03:15:37Z" finished-at="2019-10-28T03:15:38Z">
          <reporter-output>
          </reporter-output>
        </test-method> <!-- login -->
        <test-method status="FAIL" signature="submitExistingLegalEntity()[pri:0, instance:com.orgDesignData.LegalEntityManagementTest@6a28ffa4]" name="submitExistingLegalEntity" duration-ms="6150" started-at="2019-10-28T03:15:38Z" finished-at="2019-10-28T03:15:44Z">
          <exception class="java.lang.AssertionError">
            <message>
              <![CDATA[expected [Same legal entity name already exist] but found []]]>
            </message>
            <full-stacktrace>
              <![CDATA[java.lang.AssertionError: expected [Same legal entity name already exist] but found []
at org.testng.Assert.fail(Assert.java:96)
at org.testng.Assert.failNotEquals(Assert.java:776)
at org.testng.Assert.assertEqualsImpl(Assert.java:137)
at org.testng.Assert.assertEquals(Assert.java:118)
at org.testng.Assert.assertEquals(Assert.java:453)
at org.testng.Assert.assertEquals(Assert.java:463)
at com.orgDesignData.LegalEntityManagementTest.submitExistingLegalEntity(LegalEntityManagementTest.java:147)
at sun.reflect.NativeMethodAccessorImpl.invoke0(Native Method)
at sun.reflect.NativeMethodAccessorImpl.invoke(Unknown Source)
at sun.reflect.DelegatingMethodAccessorImpl.invoke(Unknown Source)
at java.lang.reflect.Method.invoke(Unknown Source)
at org.testng.internal.MethodInvocationHelper.invokeMethod(MethodInvocationHelper.java:124)
at org.testng.internal.Invoker.invokeMethod(Invoker.java:583)
at org.testng.internal.Invoker.invokeTestMethod(Invoker.java:719)
at org.testng.internal.Invoker.invokeTestMethods(Invoker.java:989)
at org.testng.internal.TestMethodWorker.invokeTestMethods(TestMethodWorker.java:125)
at org.testng.internal.TestMethodWorker.run(TestMethodWorker.java:109)
at org.testng.TestRunner.privateRun(TestRunner.java:648)
at org.testng.TestRunner.run(TestRunner.java:505)
at org.testng.SuiteRunner.runTest(SuiteRunner.java:455)
at org.testng.SuiteRunner.runSequentially(SuiteRunner.java:450)
at org.testng.SuiteRunner.privateRun(SuiteRunner.java:415)
at org.testng.SuiteRunner.run(SuiteRunner.java:364)
at org.testng.SuiteRunnerWorker.runSuite(SuiteRunnerWorker.java:52)
at org.testng.SuiteRunnerWorker.run(SuiteRunnerWorker.java:84)
at org.testng.TestNG.runSuitesSequentially(TestNG.java:1208)
at org.testng.TestNG.runSuitesLocally(TestNG.java:1137)
at org.testng.TestNG.runSuites(TestNG.java:1049)
at org.testng.TestNG.run(TestNG.java:1017)
at org.testng.remote.AbstractRemoteTestNG.run(AbstractRemoteTestNG.java:115)
at org.testng.remote.RemoteTestNG.initAndRun(RemoteTestNG.java:251)
at org.testng.remote.RemoteTestNG.main(RemoteTestNG.java:77)
]]>
            </full-stacktrace>
          </exception> <!-- java.lang.AssertionError -->
          <reporter-output>
          </reporter-output>
        </test-method> <!-- submitExistingLegalEntity -->
        <test-method status="PASS" signature="tearDown()[pri:0, instance:com.orgDesignData.LegalEntityManagementTest@6a28ffa4]" name="tearDown" is-config="true" duration-ms="482" started-at="2019-10-28T03:15:45Z" finished-at="2019-10-28T03:15:45Z">
          <reporter-output>
          </reporter-output>
        </test-method> <!-- tearDown -->
        <test-method status="PASS" signature="login()[pri:0, instance:com.orgDesignData.LegalEntityManagementTest@6a28ffa4]" name="login" is-config="true" duration-ms="1094" started-at="2019-10-28T03:15:45Z" finished-at="2019-10-28T03:15:46Z">
          <reporter-output>
          </reporter-output>
        </test-method> <!-- login -->
        <test-method status="PASS" signature="submitFormWithKeepingLegalEntityNameBlank()[pri:0, instance:com.orgDesignData.LegalEntityManagementTest@6a28ffa4]" name="submitFormWithKeepingLegalEntityNameBlank" duration-ms="5502" started-at="2019-10-28T03:15:46Z" finished-at="2019-10-28T03:15:52Z">
          <reporter-output>
          </reporter-output>
        </test-method> <!-- submitFormWithKeepingLegalEntityNameBlank -->
        <test-method status="PASS" signature="tearDown()[pri:0, instance:com.orgDesignData.LegalEntityManagementTest@6a28ffa4]" name="tearDown" is-config="true" duration-ms="493" started-at="2019-10-28T03:15:52Z" finished-at="2019-10-28T03:15:52Z">
          <reporter-output>
          </reporter-output>
        </test-method> <!-- tearDown -->
        <test-method status="PASS" signature="login()[pri:0, instance:com.orgDesignData.LegalEntityManagementTest@6a28ffa4]" name="login" is-config="true" duration-ms="1155" started-at="2019-10-28T03:15:52Z" finished-at="2019-10-28T03:15:53Z">
          <reporter-output>
          </reporter-output>
        </test-method> <!-- login -->
        <test-method status="PASS" signature="submitFormWithKeepingRemarksBlank()[pri:0, instance:com.orgDesignData.LegalEntityManagementTest@6a28ffa4]" name="submitFormWithKeepingRemarksBlank" duration-ms="5495" started-at="2019-10-28T03:15:53Z" finished-at="2019-10-28T03:15:59Z">
          <reporter-output>
          </reporter-output>
        </test-method> <!-- submitFormWithKeepingRemarksBlank -->
        <test-method status="PASS" signature="tearDown()[pri:0, instance:com.orgDesignData.LegalEntityManagementTest@6a28ffa4]" name="tearDown" is-config="true" duration-ms="479" started-at="2019-10-28T03:15:59Z" finished-at="2019-10-28T03:15:59Z">
          <reporter-output>
          </reporter-output>
        </test-method> <!-- tearDown -->
        <test-method status="PASS" signature="login()[pri:0, instance:com.orgDesignData.LegalEntityManagementTest@6a28ffa4]" name="login" is-config="true" duration-ms="921" started-at="2019-10-28T03:15:59Z" finished-at="2019-10-28T03:16:00Z">
          <reporter-output>
          </reporter-output>
        </test-method> <!-- login -->
        <test-method status="PASS" signature="submitFormWithoutPickingCountry()[pri:0, instance:com.orgDesignData.LegalEntityManagementTest@6a28ffa4]" name="submitFormWithoutPickingCountry" duration-ms="2979" started-at="2019-10-28T03:16:00Z" finished-at="2019-10-28T03:16:03Z">
          <reporter-output>
          </reporter-output>
        </test-method> <!-- submitFormWithoutPickingCountry -->
        <test-method status="PASS" signature="tearDown()[pri:0, instance:com.orgDesignData.LegalEntityManagementTest@6a28ffa4]" name="tearDown" is-config="true" duration-ms="441" started-at="2019-10-28T03:16:03Z" finished-at="2019-10-28T03:16:04Z">
          <reporter-output>
          </reporter-output>
        </test-method> <!-- tearDown -->
        <test-method status="PASS" signature="login()[pri:0, instance:com.orgDesignData.LegalEntityManagementTest@6a28ffa4]" name="login" is-config="true" duration-ms="935" started-at="2019-10-28T03:16:04Z" finished-at="2019-10-28T03:16:05Z">
          <reporter-output>
          </reporter-output>
        </test-method> <!-- login -->
        <test-method status="PASS" signature="submitFormWithoutPickingEffectiveFromDate()[pri:0, instance:com.orgDesignData.LegalEntityManagementTest@6a28ffa4]" name="submitFormWithoutPickingEffectiveFromDate" duration-ms="4889" started-at="2019-10-28T03:16:05Z" finished-at="2019-10-28T03:16:09Z">
          <reporter-output>
          </reporter-output>
        </test-method> <!-- submitFormWithoutPickingEffectiveFromDate -->
        <test-method status="PASS" signature="tearDown()[pri:0, instance:com.orgDesignData.LegalEntityManagementTest@6a28ffa4]" name="tearDown" is-config="true" duration-ms="462" started-at="2019-10-28T03:16:09Z" finished-at="2019-10-28T03:16:10Z">
          <reporter-output>
          </reporter-output>
        </test-method> <!-- tearDown -->
        <test-method status="PASS" signature="login()[pri:0, instance:com.orgDesignData.LegalEntityManagementTest@6a28ffa4]" name="login" is-config="true" duration-ms="1034" started-at="2019-10-28T03:16:10Z" finished-at="2019-10-28T03:16:11Z">
          <reporter-output>
          </reporter-output>
        </test-method> <!-- login -->
        <test-method status="PASS" signature="submitNewLegalEntityAndVerify()[pri:0, instance:com.orgDesignData.LegalEntityManagementTest@6a28ffa4]" name="submitNewLegalEntityAndVerify" duration-ms="8188" started-at="2019-10-28T03:16:11Z" finished-at="2019-10-28T03:16:19Z">
          <reporter-output>
          </reporter-output>
        </test-method> <!-- submitNewLegalEntityAndVerify -->
        <test-method status="PASS" signature="tearDown()[pri:0, instance:com.orgDesignData.LegalEntityManagementTest@6a28ffa4]" name="tearDown" is-config="true" duration-ms="426" started-at="2019-10-28T03:16:19Z" finished-at="2019-10-28T03:16:20Z">
          <reporter-output>
          </reporter-output>
        </test-method> <!-- tearDown -->
        <test-method status="PASS" signature="login()[pri:0, instance:com.orgDesignData.LegalEntityManagementTest@6a28ffa4]" name="login" is-config="true" duration-ms="963" started-at="2019-10-28T03:16:20Z" finished-at="2019-10-28T03:16:20Z">
          <reporter-output>
          </reporter-output>
        </test-method> <!-- login -->
        <test-method status="PASS" signature="verifyAdminOption()[pri:0, instance:com.orgDesignData.LegalEntityManagementTest@6a28ffa4]" name="verifyAdminOption" duration-ms="239" started-at="2019-10-28T03:16:20Z" finished-at="2019-10-28T03:16:21Z">
          <reporter-output>
          </reporter-output>
        </test-method> <!-- verifyAdminOption -->
        <test-method status="PASS" signature="tearDown()[pri:0, instance:com.orgDesignData.LegalEntityManagementTest@6a28ffa4]" name="tearDown" is-config="true" duration-ms="443" started-at="2019-10-28T03:16:21Z" finished-at="2019-10-28T03:16:21Z">
          <reporter-output>
          </reporter-output>
        </test-method> <!-- tearDown -->
        <test-method status="PASS" signature="closeBrowser()[pri:0, instance:com.orgDesignData.LegalEntityManagementTest@6a28ffa4]" name="closeBrowser" is-config="true" duration-ms="2665" started-at="2019-10-28T03:16:21Z" finished-at="2019-10-28T03:16:24Z">
          <reporter-output>
          </reporter-output>
        </test-method> <!-- closeBrowser -->
      </class> <!-- com.orgDesignData.LegalEntityManagementTest -->
    </test> <!-- Test -->
  </suite> <!-- Suite -->
</testng-results>
