<?xml version="1.0" encoding="UTF-8"?>
<testng-results skipped="0" failed="0" ignored="43" total="44" passed="1">
  <reporter-output>
  </reporter-output>
  <suite name="Suite" duration-ms="130409" started-at="2019-12-04T12:29:19Z" finished-at="2019-12-04T12:31:30Z">
    <groups>
      <group name="Smoke">
        <method signature="NewHireTest.submitNewHireFormAndValidateActivateButton()[pri:0, instance:com.newHire.NewHireTest@76508ed1]" name="submitNewHireFormAndValidateActivateButton" class="com.newHire.NewHireTest"/>
      </group> <!-- Smoke -->
    </groups>
    <test name="Test" duration-ms="130409" started-at="2019-12-04T12:29:19Z" finished-at="2019-12-04T12:31:30Z">
      <class name="com.newHire.NewHireTest">
        <test-method status="PASS" signature="openBrowser(java.lang.String)[pri:0, instance:com.newHire.NewHireTest@76508ed1]" name="openBrowser" is-config="true" duration-ms="17095" started-at="2019-12-04T12:29:19Z" finished-at="2019-12-04T12:29:36Z">
          <params>
            <param index="0">
              <value>
                <![CDATA[firefox 68]]>
              </value>
            </param>
          </params>
          <reporter-output>
          </reporter-output>
        </test-method> <!-- openBrowser -->
        <test-method status="PASS" signature="login()[pri:0, instance:com.newHire.NewHireTest@76508ed1]" name="login" is-config="true" duration-ms="4771" started-at="2019-12-04T12:29:37Z" finished-at="2019-12-04T12:29:41Z">
          <reporter-output>
          </reporter-output>
        </test-method> <!-- login -->
        <test-method status="PASS" signature="submitNewHireFormAndValidateActivateButton()[pri:0, instance:com.newHire.NewHireTest@76508ed1]" name="submitNewHireFormAndValidateActivateButton" duration-ms="105875" started-at="2019-12-04T12:29:41Z" finished-at="2019-12-04T12:31:27Z">
          <reporter-output>
          </reporter-output>
        </test-method> <!-- submitNewHireFormAndValidateActivateButton -->
        <test-method status="PASS" signature="tearDown()[pri:0, instance:com.newHire.NewHireTest@76508ed1]" name="tearDown" is-config="true" duration-ms="539" started-at="2019-12-04T12:31:27Z" finished-at="2019-12-04T12:31:28Z">
          <reporter-output>
          </reporter-output>
        </test-method> <!-- tearDown -->
        <test-method status="PASS" signature="closeBrowser()[pri:0, instance:com.newHire.NewHireTest@76508ed1]" name="closeBrowser" is-config="true" duration-ms="2011" started-at="2019-12-04T12:31:28Z" finished-at="2019-12-04T12:31:30Z">
          <reporter-output>
          </reporter-output>
        </test-method> <!-- closeBrowser -->
      </class> <!-- com.newHire.NewHireTest -->
    </test> <!-- Test -->
  </suite> <!-- Suite -->
</testng-results>
