<?xml version="1.0" encoding="UTF-8"?>
<testng-results skipped="0" failed="0" ignored="17" total="18" passed="1">
  <reporter-output>
  </reporter-output>
  <suite name="Suite" duration-ms="20334" started-at="2019-11-02T06:42:48Z" finished-at="2019-11-02T06:43:08Z">
    <groups>
    </groups>
    <test name="Test" duration-ms="20334" started-at="2019-11-02T06:42:48Z" finished-at="2019-11-02T06:43:08Z">
      <class name="com.orgDesignData.LegalEntityManagementTest">
        <test-method status="PASS" signature="openBrowser(java.lang.String)[pri:0, instance:com.orgDesignData.LegalEntityManagementTest@c267ef4]" name="openBrowser" is-config="true" duration-ms="7751" started-at="2019-11-02T06:42:48Z" finished-at="2019-11-02T06:42:55Z">
          <params>
            <param index="0">
              <value>
                <![CDATA[firefox 68]]>
              </value>
            </param>
          </params>
          <reporter-output>
          </reporter-output>
        </test-method> <!-- openBrowser -->
        <test-method status="PASS" signature="login()[pri:0, instance:com.orgDesignData.LegalEntityManagementTest@c267ef4]" name="login" is-config="true" duration-ms="3073" started-at="2019-11-02T06:42:55Z" finished-at="2019-11-02T06:42:58Z">
          <reporter-output>
          </reporter-output>
        </test-method> <!-- login -->
        <test-method status="PASS" signature="verifyAddNewTooltip()[pri:0, instance:com.orgDesignData.LegalEntityManagementTest@c267ef4]" name="verifyAddNewTooltip" duration-ms="2169" started-at="2019-11-02T06:42:58Z" finished-at="2019-11-02T06:43:01Z">
          <reporter-output>
          </reporter-output>
        </test-method> <!-- verifyAddNewTooltip -->
        <test-method status="PASS" signature="tearDown()[pri:0, instance:com.orgDesignData.LegalEntityManagementTest@c267ef4]" name="tearDown" is-config="true" duration-ms="750" started-at="2019-11-02T06:43:01Z" finished-at="2019-11-02T06:43:01Z">
          <reporter-output>
          </reporter-output>
        </test-method> <!-- tearDown -->
        <test-method status="PASS" signature="closeBrowser()[pri:0, instance:com.orgDesignData.LegalEntityManagementTest@c267ef4]" name="closeBrowser" is-config="true" duration-ms="6565" started-at="2019-11-02T06:43:01Z" finished-at="2019-11-02T06:43:08Z">
          <reporter-output>
          </reporter-output>
        </test-method> <!-- closeBrowser -->
      </class> <!-- com.orgDesignData.LegalEntityManagementTest -->
    </test> <!-- Test -->
  </suite> <!-- Suite -->
</testng-results>
