<?xml version="1.0" encoding="UTF-8"?>
<testng-results skipped="0" failed="0" ignored="41" total="42" passed="1">
  <reporter-output>
  </reporter-output>
  <suite name="Suite" duration-ms="92693" started-at="2019-10-13T17:40:58Z" finished-at="2019-10-13T17:42:31Z">
    <groups>
    </groups>
    <test name="Test" duration-ms="92693" started-at="2019-10-13T17:40:58Z" finished-at="2019-10-13T17:42:31Z">
      <class name="com.newHire.NewHireTest">
        <test-method status="PASS" signature="openBrowser(java.lang.String)[pri:0, instance:com.newHire.NewHireTest@5c30a9b0]" name="openBrowser" is-config="true" duration-ms="6796" started-at="2019-10-13T17:40:58Z" finished-at="2019-10-13T17:41:05Z">
          <params>
            <param index="0">
              <value>
                <![CDATA[firefox 68]]>
              </value>
            </param>
          </params>
          <reporter-output>
          </reporter-output>
        </test-method> <!-- openBrowser -->
        <test-method status="PASS" signature="login()[pri:0, instance:com.newHire.NewHireTest@5c30a9b0]" name="login" is-config="true" duration-ms="3260" started-at="2019-10-13T17:41:05Z" finished-at="2019-10-13T17:41:08Z">
          <reporter-output>
          </reporter-output>
        </test-method> <!-- login -->
        <test-method status="PASS" signature="makeBothDOB_JoiningDateEqualAndverifyError()[pri:0, instance:com.newHire.NewHireTest@5c30a9b0]" name="makeBothDOB_JoiningDateEqualAndverifyError" duration-ms="79567" started-at="2019-10-13T17:41:08Z" finished-at="2019-10-13T17:42:28Z">
          <reporter-output>
          </reporter-output>
        </test-method> <!-- makeBothDOB_JoiningDateEqualAndverifyError -->
        <test-method status="PASS" signature="tearDown()[pri:0, instance:com.newHire.NewHireTest@5c30a9b0]" name="tearDown" is-config="true" duration-ms="714" started-at="2019-10-13T17:42:28Z" finished-at="2019-10-13T17:42:29Z">
          <reporter-output>
          </reporter-output>
        </test-method> <!-- tearDown -->
        <test-method status="PASS" signature="closeBrowser()[pri:0, instance:com.newHire.NewHireTest@5c30a9b0]" name="closeBrowser" is-config="true" duration-ms="2328" started-at="2019-10-13T17:42:29Z" finished-at="2019-10-13T17:42:31Z">
          <reporter-output>
          </reporter-output>
        </test-method> <!-- closeBrowser -->
      </class> <!-- com.newHire.NewHireTest -->
    </test> <!-- Test -->
  </suite> <!-- Suite -->
</testng-results>
