<?xml version="1.0" encoding="UTF-8"?>
<testng-results skipped="0" failed="0" ignored="1" total="2" passed="1">
  <reporter-output>
  </reporter-output>
  <suite name="Suite" duration-ms="19249" started-at="2019-10-01T17:09:17Z" finished-at="2019-10-01T17:09:36Z">
    <groups>
      <group name="Smoke">
        <method signature="CompItemGroupsTest.submitNewCompensationGroup()[pri:0, instance:com.compensationItems.CompItemGroupsTest@548e7350]" name="submitNewCompensationGroup" class="com.compensationItems.CompItemGroupsTest"/>
      </group> <!-- Smoke -->
    </groups>
    <test name="Test" duration-ms="19249" started-at="2019-10-01T17:09:17Z" finished-at="2019-10-01T17:09:36Z">
      <class name="com.compensationItems.CompItemGroupsTest">
        <test-method status="PASS" signature="openBrowser(java.lang.String)[pri:0, instance:com.compensationItems.CompItemGroupsTest@548e7350]" name="openBrowser" is-config="true" duration-ms="6969" started-at="2019-10-01T17:09:17Z" finished-at="2019-10-01T17:09:24Z">
          <params>
            <param index="0">
              <value>
                <![CDATA[firefox 68]]>
              </value>
            </param>
          </params>
          <reporter-output>
          </reporter-output>
        </test-method> <!-- openBrowser -->
        <test-method status="PASS" signature="login()[pri:0, instance:com.compensationItems.CompItemGroupsTest@548e7350]" name="login" is-config="true" duration-ms="5591" started-at="2019-10-01T17:09:24Z" finished-at="2019-10-01T17:09:29Z">
          <reporter-output>
          </reporter-output>
        </test-method> <!-- login -->
        <test-method status="PASS" signature="submitNewCompensationGroup()[pri:0, instance:com.compensationItems.CompItemGroupsTest@548e7350]" name="submitNewCompensationGroup" duration-ms="715" started-at="2019-10-01T17:09:29Z" finished-at="2019-10-01T17:09:30Z">
          <reporter-output>
          </reporter-output>
        </test-method> <!-- submitNewCompensationGroup -->
        <test-method status="PASS" signature="tearDown()[pri:0, instance:com.compensationItems.CompItemGroupsTest@548e7350]" name="tearDown" is-config="true" duration-ms="689" started-at="2019-10-01T17:09:30Z" finished-at="2019-10-01T17:09:31Z">
          <reporter-output>
          </reporter-output>
        </test-method> <!-- tearDown -->
        <test-method status="PASS" signature="closeBrowser()[pri:0, instance:com.compensationItems.CompItemGroupsTest@548e7350]" name="closeBrowser" is-config="true" duration-ms="5252" started-at="2019-10-01T17:09:31Z" finished-at="2019-10-01T17:09:36Z">
          <reporter-output>
          </reporter-output>
        </test-method> <!-- closeBrowser -->
      </class> <!-- com.compensationItems.CompItemGroupsTest -->
    </test> <!-- Test -->
  </suite> <!-- Suite -->
</testng-results>
