<?xml version="1.0" encoding="UTF-8"?>
<testng-results skipped="0" failed="0" ignored="0" total="1" passed="1">
  <reporter-output>
  </reporter-output>
  <suite name="Suite" duration-ms="36806" started-at="2019-12-25T02:48:26Z" finished-at="2019-12-25T02:49:02Z">
    <groups>
    </groups>
    <test name="Test" duration-ms="36806" started-at="2019-12-25T02:48:26Z" finished-at="2019-12-25T02:49:02Z">
      <class name="com.separation.AdminSeparationRequestTest">
        <test-method status="PASS" signature="openBrowser(java.lang.String)[pri:0, instance:com.separation.AdminSeparationRequestTest@3911c2a7]" name="openBrowser" is-config="true" duration-ms="6661" started-at="2019-12-25T02:48:26Z" finished-at="2019-12-25T02:48:32Z">
          <params>
            <param index="0">
              <value>
                <![CDATA[firefox 68]]>
              </value>
            </param>
          </params>
          <reporter-output>
          </reporter-output>
        </test-method> <!-- openBrowser -->
        <test-method status="PASS" signature="login()[pri:0, instance:com.separation.AdminSeparationRequestTest@3911c2a7]" name="login" is-config="true" duration-ms="11331" started-at="2019-12-25T02:48:32Z" finished-at="2019-12-25T02:48:44Z">
          <reporter-output>
          </reporter-output>
        </test-method> <!-- login -->
        <test-method status="PASS" signature="submitSeparationRequest()[pri:0, instance:com.separation.AdminSeparationRequestTest@3911c2a7]" name="submitSeparationRequest" duration-ms="11695" started-at="2019-12-25T02:48:44Z" finished-at="2019-12-25T02:48:55Z">
          <reporter-output>
          </reporter-output>
        </test-method> <!-- submitSeparationRequest -->
        <test-method status="PASS" signature="tearDown()[pri:0, instance:com.separation.AdminSeparationRequestTest@3911c2a7]" name="tearDown" is-config="true" duration-ms="1432" started-at="2019-12-25T02:48:55Z" finished-at="2019-12-25T02:48:57Z">
          <reporter-output>
          </reporter-output>
        </test-method> <!-- tearDown -->
        <test-method status="PASS" signature="closeBrowser()[pri:0, instance:com.separation.AdminSeparationRequestTest@3911c2a7]" name="closeBrowser" is-config="true" duration-ms="5672" started-at="2019-12-25T02:48:57Z" finished-at="2019-12-25T02:49:02Z">
          <reporter-output>
          </reporter-output>
        </test-method> <!-- closeBrowser -->
      </class> <!-- com.separation.AdminSeparationRequestTest -->
    </test> <!-- Test -->
  </suite> <!-- Suite -->
</testng-results>
