<?xml version="1.0" encoding="UTF-8"?>
<testng-results skipped="0" failed="0" ignored="7" total="8" passed="1">
  <reporter-output>
  </reporter-output>
  <suite name="Suite" duration-ms="24033" started-at="2019-10-24T16:42:12Z" finished-at="2019-10-24T16:42:36Z">
    <groups>
    </groups>
    <test name="Test" duration-ms="24033" started-at="2019-10-24T16:42:12Z" finished-at="2019-10-24T16:42:36Z">
      <class name="com.orgDesignData.LegalEntityManagementTest">
        <test-method status="PASS" signature="openBrowser(java.lang.String)[pri:0, instance:com.orgDesignData.LegalEntityManagementTest@c267ef4]" name="openBrowser" is-config="true" duration-ms="7366" started-at="2019-10-24T16:42:12Z" finished-at="2019-10-24T16:42:20Z">
          <params>
            <param index="0">
              <value>
                <![CDATA[firefox 68]]>
              </value>
            </param>
          </params>
          <reporter-output>
          </reporter-output>
        </test-method> <!-- openBrowser -->
        <test-method status="PASS" signature="login()[pri:0, instance:com.orgDesignData.LegalEntityManagementTest@c267ef4]" name="login" is-config="true" duration-ms="4680" started-at="2019-10-24T16:42:20Z" finished-at="2019-10-24T16:42:24Z">
          <reporter-output>
          </reporter-output>
        </test-method> <!-- login -->
        <test-method status="PASS" signature="submitFormWithKeepingRemarksBlank()[pri:0, instance:com.orgDesignData.LegalEntityManagementTest@c267ef4]" name="submitFormWithKeepingRemarksBlank" duration-ms="6475" started-at="2019-10-24T16:42:24Z" finished-at="2019-10-24T16:42:31Z">
          <reporter-output>
          </reporter-output>
        </test-method> <!-- submitFormWithKeepingRemarksBlank -->
        <test-method status="PASS" signature="tearDown()[pri:0, instance:com.orgDesignData.LegalEntityManagementTest@c267ef4]" name="tearDown" is-config="true" duration-ms="860" started-at="2019-10-24T16:42:31Z" finished-at="2019-10-24T16:42:32Z">
          <reporter-output>
          </reporter-output>
        </test-method> <!-- tearDown -->
        <test-method status="PASS" signature="closeBrowser()[pri:0, instance:com.orgDesignData.LegalEntityManagementTest@c267ef4]" name="closeBrowser" is-config="true" duration-ms="4629" started-at="2019-10-24T16:42:32Z" finished-at="2019-10-24T16:42:36Z">
          <reporter-output>
          </reporter-output>
        </test-method> <!-- closeBrowser -->
      </class> <!-- com.orgDesignData.LegalEntityManagementTest -->
    </test> <!-- Test -->
  </suite> <!-- Suite -->
</testng-results>
