<?xml version="1.0" encoding="UTF-8"?>
<testng-results skipped="0" failed="0" ignored="26" total="27" passed="1">
  <reporter-output>
  </reporter-output>
  <suite name="Suite" duration-ms="15830" started-at="2020-10-14T10:52:36Z" finished-at="2020-10-14T10:52:52Z">
    <groups>
    </groups>
    <test name="Test" duration-ms="15830" started-at="2020-10-14T10:52:36Z" finished-at="2020-10-14T10:52:52Z">
      <class name="com.leave.LeaveTestToyota">
        <test-method status="PASS" signature="openBrowser()[pri:0, instance:com.leave.LeaveTestToyota@1d76aeea]" name="openBrowser" is-config="true" duration-ms="7625" started-at="2020-10-14T10:52:36Z" finished-at="2020-10-14T10:52:44Z">
          <reporter-output>
          </reporter-output>
        </test-method> <!-- openBrowser -->
        <test-method status="PASS" signature="login()[pri:0, instance:com.leave.LeaveTestToyota@1d76aeea]" name="login" is-config="true" duration-ms="4477" started-at="2020-10-14T10:52:44Z" finished-at="2020-10-14T10:52:48Z">
          <reporter-output>
          </reporter-output>
        </test-method> <!-- login -->
        <test-method status="PASS" signature="viewLeaveBalanceAndVerify()[pri:0, instance:com.leave.LeaveTestToyota@1d76aeea]" name="viewLeaveBalanceAndVerify" duration-ms="1706" started-at="2020-10-14T10:52:48Z" finished-at="2020-10-14T10:52:50Z">
          <reporter-output>
          </reporter-output>
        </test-method> <!-- viewLeaveBalanceAndVerify -->
        <test-method status="PASS" signature="tearDown()[pri:0, instance:com.leave.LeaveTestToyota@1d76aeea]" name="tearDown" is-config="true" duration-ms="1182" started-at="2020-10-14T10:52:50Z" finished-at="2020-10-14T10:52:51Z">
          <reporter-output>
          </reporter-output>
        </test-method> <!-- tearDown -->
        <test-method status="PASS" signature="closeBrowser()[pri:0, instance:com.leave.LeaveTestToyota@1d76aeea]" name="closeBrowser" is-config="true" duration-ms="803" started-at="2020-10-14T10:52:51Z" finished-at="2020-10-14T10:52:52Z">
          <reporter-output>
          </reporter-output>
        </test-method> <!-- closeBrowser -->
      </class> <!-- com.leave.LeaveTestToyota -->
    </test> <!-- Test -->
  </suite> <!-- Suite -->
</testng-results>
