<?xml version="1.0" encoding="UTF-8"?>
<testng-results skipped="0" failed="0" ignored="0" total="1" passed="1">
  <reporter-output>
  </reporter-output>
  <suite name="Suite" duration-ms="19168" started-at="2019-09-30T18:07:28Z" finished-at="2019-09-30T18:07:48Z">
    <groups>
    </groups>
    <test name="Test" duration-ms="19168" started-at="2019-09-30T18:07:28Z" finished-at="2019-09-30T18:07:48Z">
      <class name="com.orgDesignData.CostCenterManagementTest">
        <test-method status="PASS" signature="openBrowser(java.lang.String)[pri:0, instance:com.orgDesignData.CostCenterManagementTest@548e7350]" name="openBrowser" is-config="true" duration-ms="6904" started-at="2019-09-30T18:07:28Z" finished-at="2019-09-30T18:07:35Z">
          <params>
            <param index="0">
              <value>
                <![CDATA[firefox 68]]>
              </value>
            </param>
          </params>
          <reporter-output>
          </reporter-output>
        </test-method> <!-- openBrowser -->
        <test-method status="PASS" signature="login()[pri:0, instance:com.orgDesignData.CostCenterManagementTest@548e7350]" name="login" is-config="true" duration-ms="6343" started-at="2019-09-30T18:07:35Z" finished-at="2019-09-30T18:07:42Z">
          <reporter-output>
          </reporter-output>
        </test-method> <!-- login -->
        <test-method status="PASS" signature="submitNewLegalEntity()[pri:0, instance:com.orgDesignData.CostCenterManagementTest@548e7350]" name="submitNewLegalEntity" duration-ms="6" started-at="2019-09-30T18:07:42Z" finished-at="2019-09-30T18:07:42Z">
          <reporter-output>
          </reporter-output>
        </test-method> <!-- submitNewLegalEntity -->
        <test-method status="PASS" signature="tearDown()[pri:0, instance:com.orgDesignData.CostCenterManagementTest@548e7350]" name="tearDown" is-config="true" duration-ms="894" started-at="2019-09-30T18:07:42Z" finished-at="2019-09-30T18:07:43Z">
          <reporter-output>
          </reporter-output>
        </test-method> <!-- tearDown -->
        <test-method status="PASS" signature="closeBrowser()[pri:0, instance:com.orgDesignData.CostCenterManagementTest@548e7350]" name="closeBrowser" is-config="true" duration-ms="4991" started-at="2019-09-30T18:07:43Z" finished-at="2019-09-30T18:07:48Z">
          <reporter-output>
          </reporter-output>
        </test-method> <!-- closeBrowser -->
      </class> <!-- com.orgDesignData.CostCenterManagementTest -->
    </test> <!-- Test -->
  </suite> <!-- Suite -->
</testng-results>
