<?xml version="1.0" encoding="UTF-8"?>
<testng-results skipped="0" failed="0" ignored="1" total="2" passed="1">
  <reporter-output>
  </reporter-output>
  <suite name="Suite" duration-ms="25370" started-at="2019-10-02T05:58:06Z" finished-at="2019-10-02T05:58:31Z">
    <groups>
    </groups>
    <test name="Test" duration-ms="25370" started-at="2019-10-02T05:58:06Z" finished-at="2019-10-02T05:58:31Z">
      <class name="com.compensationItems.CompItemGroupsTest">
        <test-method status="PASS" signature="openBrowser(java.lang.String)[pri:0, instance:com.compensationItems.CompItemGroupsTest@204f30ec]" name="openBrowser" is-config="true" duration-ms="9868" started-at="2019-10-02T05:58:06Z" finished-at="2019-10-02T05:58:16Z">
          <params>
            <param index="0">
              <value>
                <![CDATA[firefox 68]]>
              </value>
            </param>
          </params>
          <reporter-output>
          </reporter-output>
        </test-method> <!-- openBrowser -->
        <test-method status="PASS" signature="login()[pri:0, instance:com.compensationItems.CompItemGroupsTest@204f30ec]" name="login" is-config="true" duration-ms="5735" started-at="2019-10-02T05:58:16Z" finished-at="2019-10-02T05:58:21Z">
          <reporter-output>
          </reporter-output>
        </test-method> <!-- login -->
        <test-method status="PASS" signature="submitAnexistingCompensationGroupAndVerifyErrorMessage()[pri:0, instance:com.compensationItems.CompItemGroupsTest@204f30ec]" name="submitAnexistingCompensationGroupAndVerifyErrorMessage" duration-ms="3606" started-at="2019-10-02T05:58:21Z" finished-at="2019-10-02T05:58:25Z">
          <reporter-output>
          </reporter-output>
        </test-method> <!-- submitAnexistingCompensationGroupAndVerifyErrorMessage -->
        <test-method status="PASS" signature="tearDown()[pri:0, instance:com.compensationItems.CompItemGroupsTest@204f30ec]" name="tearDown" is-config="true" duration-ms="713" started-at="2019-10-02T05:58:25Z" finished-at="2019-10-02T05:58:26Z">
          <reporter-output>
          </reporter-output>
        </test-method> <!-- tearDown -->
        <test-method status="PASS" signature="closeBrowser()[pri:0, instance:com.compensationItems.CompItemGroupsTest@204f30ec]" name="closeBrowser" is-config="true" duration-ms="5415" started-at="2019-10-02T05:58:26Z" finished-at="2019-10-02T05:58:31Z">
          <reporter-output>
          </reporter-output>
        </test-method> <!-- closeBrowser -->
      </class> <!-- com.compensationItems.CompItemGroupsTest -->
    </test> <!-- Test -->
  </suite> <!-- Suite -->
</testng-results>
