<?xml version="1.0" encoding="UTF-8"?>
<testng-results skipped="0" failed="0" ignored="39" total="42" passed="3">
  <reporter-output>
  </reporter-output>
  <suite name="Suite" duration-ms="25879" started-at="2019-10-10T13:19:52Z" finished-at="2019-10-10T13:20:18Z">
    <groups>
    </groups>
    <test name="Test" duration-ms="25879" started-at="2019-10-10T13:19:52Z" finished-at="2019-10-10T13:20:18Z">
      <class name="com.newHire.NewHireTest">
        <test-method status="PASS" signature="openBrowser(java.lang.String)[pri:0, instance:com.newHire.NewHireTest@5c30a9b0]" name="openBrowser" is-config="true" duration-ms="6821" started-at="2019-10-10T13:19:52Z" finished-at="2019-10-10T13:19:59Z">
          <params>
            <param index="0">
              <value>
                <![CDATA[firefox 68]]>
              </value>
            </param>
          </params>
          <reporter-output>
          </reporter-output>
        </test-method> <!-- openBrowser -->
        <test-method status="PASS" signature="login()[pri:0, instance:com.newHire.NewHireTest@5c30a9b0]" name="login" is-config="true" duration-ms="3257" started-at="2019-10-10T13:19:59Z" finished-at="2019-10-10T13:20:02Z">
          <reporter-output>
          </reporter-output>
        </test-method> <!-- login -->
        <test-method status="PASS" signature="pickCountrySingaporeAndValidateLocation()[pri:0, instance:com.newHire.NewHireTest@5c30a9b0]" name="pickCountrySingaporeAndValidateLocation" duration-ms="1993" started-at="2019-10-10T13:20:02Z" finished-at="2019-10-10T13:20:04Z">
          <reporter-output>
          </reporter-output>
        </test-method> <!-- pickCountrySingaporeAndValidateLocation -->
        <test-method status="PASS" signature="tearDown()[pri:0, instance:com.newHire.NewHireTest@5c30a9b0]" name="tearDown" is-config="true" duration-ms="854" started-at="2019-10-10T13:20:04Z" finished-at="2019-10-10T13:20:05Z">
          <reporter-output>
          </reporter-output>
        </test-method> <!-- tearDown -->
        <test-method status="PASS" signature="login()[pri:0, instance:com.newHire.NewHireTest@5c30a9b0]" name="login" is-config="true" duration-ms="1079" started-at="2019-10-10T13:20:05Z" finished-at="2019-10-10T13:20:06Z">
          <reporter-output>
          </reporter-output>
        </test-method> <!-- login -->
        <test-method status="PASS" signature="pickCountrySriLankaAndValidateLocation()[pri:0, instance:com.newHire.NewHireTest@5c30a9b0]" name="pickCountrySriLankaAndValidateLocation" duration-ms="2226" started-at="2019-10-10T13:20:06Z" finished-at="2019-10-10T13:20:08Z">
          <reporter-output>
          </reporter-output>
        </test-method> <!-- pickCountrySriLankaAndValidateLocation -->
        <test-method status="PASS" signature="tearDown()[pri:0, instance:com.newHire.NewHireTest@5c30a9b0]" name="tearDown" is-config="true" duration-ms="484" started-at="2019-10-10T13:20:08Z" finished-at="2019-10-10T13:20:09Z">
          <reporter-output>
          </reporter-output>
        </test-method> <!-- tearDown -->
        <test-method status="PASS" signature="login()[pri:0, instance:com.newHire.NewHireTest@5c30a9b0]" name="login" is-config="true" duration-ms="1051" started-at="2019-10-10T13:20:09Z" finished-at="2019-10-10T13:20:10Z">
          <reporter-output>
          </reporter-output>
        </test-method> <!-- login -->
        <test-method status="PASS" signature="pickCountryUAEAndValidateLocation()[pri:0, instance:com.newHire.NewHireTest@5c30a9b0]" name="pickCountryUAEAndValidateLocation" duration-ms="2104" started-at="2019-10-10T13:20:10Z" finished-at="2019-10-10T13:20:12Z">
          <reporter-output>
          </reporter-output>
        </test-method> <!-- pickCountryUAEAndValidateLocation -->
        <test-method status="PASS" signature="tearDown()[pri:0, instance:com.newHire.NewHireTest@5c30a9b0]" name="tearDown" is-config="true" duration-ms="409" started-at="2019-10-10T13:20:12Z" finished-at="2019-10-10T13:20:12Z">
          <reporter-output>
          </reporter-output>
        </test-method> <!-- tearDown -->
        <test-method status="PASS" signature="closeBrowser()[pri:0, instance:com.newHire.NewHireTest@5c30a9b0]" name="closeBrowser" is-config="true" duration-ms="5573" started-at="2019-10-10T13:20:12Z" finished-at="2019-10-10T13:20:18Z">
          <reporter-output>
          </reporter-output>
        </test-method> <!-- closeBrowser -->
      </class> <!-- com.newHire.NewHireTest -->
    </test> <!-- Test -->
  </suite> <!-- Suite -->
</testng-results>
