<?xml version="1.0" encoding="UTF-8"?>
<testng-results skipped="0" failed="0" ignored="0" total="1" passed="1">
  <reporter-output>
  </reporter-output>
  <suite name="Suite" duration-ms="95629" started-at="2020-06-14T11:29:31Z" finished-at="2020-06-14T11:31:06Z">
    <groups>
      <group name="Smoke">
        <method signature="NewHireTestMoonraft.submitNewHireFormAndValidate()[pri:0, instance:com.newHire.NewHireTestMoonraft@1817d444]" name="submitNewHireFormAndValidate" class="com.newHire.NewHireTestMoonraft"/>
      </group> <!-- Smoke -->
    </groups>
    <test name="Test" duration-ms="95629" started-at="2020-06-14T11:29:31Z" finished-at="2020-06-14T11:31:06Z">
      <class name="com.newHire.NewHireTestMoonraft">
        <test-method status="PASS" signature="openBrowser(java.lang.String)[pri:0, instance:com.newHire.NewHireTestMoonraft@1817d444]" name="openBrowser" is-config="true" duration-ms="6931" started-at="2020-06-14T11:29:31Z" finished-at="2020-06-14T11:29:38Z">
          <params>
            <param index="0">
              <value>
                <![CDATA[chrome]]>
              </value>
            </param>
          </params>
          <reporter-output>
          </reporter-output>
        </test-method> <!-- openBrowser -->
        <test-method status="PASS" signature="login()[pri:0, instance:com.newHire.NewHireTestMoonraft@1817d444]" name="login" is-config="true" duration-ms="5693" started-at="2020-06-14T11:29:38Z" finished-at="2020-06-14T11:29:43Z">
          <reporter-output>
          </reporter-output>
        </test-method> <!-- login -->
        <test-method status="PASS" signature="submitNewHireFormAndValidate()[pri:0, instance:com.newHire.NewHireTestMoonraft@1817d444]" name="submitNewHireFormAndValidate" duration-ms="81553" started-at="2020-06-14T11:29:43Z" finished-at="2020-06-14T11:31:05Z">
          <reporter-output>
          </reporter-output>
        </test-method> <!-- submitNewHireFormAndValidate -->
        <test-method status="PASS" signature="tearDown()[pri:0, instance:com.newHire.NewHireTestMoonraft@1817d444]" name="tearDown" is-config="true" duration-ms="554" started-at="2020-06-14T11:31:05Z" finished-at="2020-06-14T11:31:06Z">
          <reporter-output>
          </reporter-output>
        </test-method> <!-- tearDown -->
        <test-method status="PASS" signature="closeBrowser()[pri:0, instance:com.newHire.NewHireTestMoonraft@1817d444]" name="closeBrowser" is-config="true" duration-ms="876" started-at="2020-06-14T11:31:06Z" finished-at="2020-06-14T11:31:06Z">
          <reporter-output>
          </reporter-output>
        </test-method> <!-- closeBrowser -->
      </class> <!-- com.newHire.NewHireTestMoonraft -->
    </test> <!-- Test -->
  </suite> <!-- Suite -->
</testng-results>
