<?xml version="1.0" encoding="UTF-8"?>
<testng-results skipped="0" failed="0" ignored="0" total="1" passed="1">
  <reporter-output>
  </reporter-output>
  <suite name="Suite" duration-ms="34420" started-at="2019-10-02T18:20:54Z" finished-at="2019-10-02T18:21:28Z">
    <groups>
    </groups>
    <test name="Test" duration-ms="34420" started-at="2019-10-02T18:20:54Z" finished-at="2019-10-02T18:21:28Z">
      <class name="com.newHire.NewHireTest">
        <test-method status="PASS" signature="openBrowser(java.lang.String)[pri:0, instance:com.newHire.NewHireTest@204f30ec]" name="openBrowser" is-config="true" duration-ms="7024" started-at="2019-10-02T18:20:54Z" finished-at="2019-10-02T18:21:01Z">
          <params>
            <param index="0">
              <value>
                <![CDATA[firefox 68]]>
              </value>
            </param>
          </params>
          <reporter-output>
          </reporter-output>
        </test-method> <!-- openBrowser -->
        <test-method status="PASS" signature="login()[pri:0, instance:com.newHire.NewHireTest@204f30ec]" name="login" is-config="true" duration-ms="2260" started-at="2019-10-02T18:21:01Z" finished-at="2019-10-02T18:21:03Z">
          <reporter-output>
          </reporter-output>
        </test-method> <!-- login -->
        <test-method status="PASS" signature="submitNewHireForm()[pri:0, instance:com.newHire.NewHireTest@204f30ec]" name="submitNewHireForm" duration-ms="18888" started-at="2019-10-02T18:21:03Z" finished-at="2019-10-02T18:21:22Z">
          <reporter-output>
          </reporter-output>
        </test-method> <!-- submitNewHireForm -->
        <test-method status="PASS" signature="tearDown()[pri:0, instance:com.newHire.NewHireTest@204f30ec]" name="tearDown" is-config="true" duration-ms="1168" started-at="2019-10-02T18:21:22Z" finished-at="2019-10-02T18:21:23Z">
          <reporter-output>
          </reporter-output>
        </test-method> <!-- tearDown -->
        <test-method status="PASS" signature="closeBrowser()[pri:0, instance:com.newHire.NewHireTest@204f30ec]" name="closeBrowser" is-config="true" duration-ms="5039" started-at="2019-10-02T18:21:23Z" finished-at="2019-10-02T18:21:28Z">
          <reporter-output>
          </reporter-output>
        </test-method> <!-- closeBrowser -->
      </class> <!-- com.newHire.NewHireTest -->
    </test> <!-- Test -->
  </suite> <!-- Suite -->
</testng-results>
