<?xml version="1.0" encoding="UTF-8"?>
<testng-results skipped="0" failed="1" ignored="0" total="1" passed="0">
  <reporter-output>
  </reporter-output>
  <suite name="Suite" duration-ms="19615" started-at="2020-06-08T16:59:58Z" finished-at="2020-06-08T17:00:18Z">
    <groups>
      <group name="Smoke">
        <method signature="NewHireTestMUJ.submitNewHireFormAndValidate()[pri:0, instance:com.newHire.NewHireTestMUJ@1817d444]" name="submitNewHireFormAndValidate" class="com.newHire.NewHireTestMUJ"/>
      </group> <!-- Smoke -->
    </groups>
    <test name="Test" duration-ms="19615" started-at="2020-06-08T16:59:58Z" finished-at="2020-06-08T17:00:18Z">
      <class name="com.newHire.NewHireTestMUJ">
        <test-method status="PASS" signature="openBrowser(java.lang.String)[pri:0, instance:com.newHire.NewHireTestMUJ@1817d444]" name="openBrowser" is-config="true" duration-ms="7087" started-at="2020-06-08T16:59:58Z" finished-at="2020-06-08T17:00:05Z">
          <params>
            <param index="0">
              <value>
                <![CDATA[chrome]]>
              </value>
            </param>
          </params>
          <reporter-output>
          </reporter-output>
        </test-method> <!-- openBrowser -->
        <test-method status="PASS" signature="login()[pri:0, instance:com.newHire.NewHireTestMUJ@1817d444]" name="login" is-config="true" duration-ms="4272" started-at="2020-06-08T17:00:05Z" finished-at="2020-06-08T17:00:09Z">
          <reporter-output>
          </reporter-output>
        </test-method> <!-- login -->
        <test-method status="FAIL" signature="submitNewHireFormAndValidate()[pri:0, instance:com.newHire.NewHireTestMUJ@1817d444]" name="submitNewHireFormAndValidate" duration-ms="6100" started-at="2020-06-08T17:00:09Z" finished-at="2020-06-08T17:00:16Z">
          <exception class="java.lang.NullPointerException">
            <full-stacktrace>
              <![CDATA[java.lang.NullPointerException
at esp.genericLibraries.FileUtils.getExcelData(FileUtils.java:32)
at com.newHire.NewHireTestMUJ.submitNewHireFormAndValidate(NewHireTestMUJ.java:39)
at sun.reflect.NativeMethodAccessorImpl.invoke0(Native Method)
at sun.reflect.NativeMethodAccessorImpl.invoke(NativeMethodAccessorImpl.java:62)
at sun.reflect.DelegatingMethodAccessorImpl.invoke(DelegatingMethodAccessorImpl.java:43)
at java.lang.reflect.Method.invoke(Method.java:498)
at org.testng.internal.MethodInvocationHelper.invokeMethod(MethodInvocationHelper.java:124)
at org.testng.internal.Invoker.invokeMethod(Invoker.java:583)
at org.testng.internal.Invoker.invokeTestMethod(Invoker.java:719)
at org.testng.internal.Invoker.invokeTestMethods(Invoker.java:989)
at org.testng.internal.TestMethodWorker.invokeTestMethods(TestMethodWorker.java:125)
at org.testng.internal.TestMethodWorker.run(TestMethodWorker.java:109)
at org.testng.TestRunner.privateRun(TestRunner.java:648)
at org.testng.TestRunner.run(TestRunner.java:505)
at org.testng.SuiteRunner.runTest(SuiteRunner.java:455)
at org.testng.SuiteRunner.runSequentially(SuiteRunner.java:450)
at org.testng.SuiteRunner.privateRun(SuiteRunner.java:415)
at org.testng.SuiteRunner.run(SuiteRunner.java:364)
at org.testng.SuiteRunnerWorker.runSuite(SuiteRunnerWorker.java:52)
at org.testng.SuiteRunnerWorker.run(SuiteRunnerWorker.java:84)
at org.testng.TestNG.runSuitesSequentially(TestNG.java:1208)
at org.testng.TestNG.runSuitesLocally(TestNG.java:1137)
at org.testng.TestNG.runSuites(TestNG.java:1049)
at org.testng.TestNG.run(TestNG.java:1017)
at org.testng.remote.AbstractRemoteTestNG.run(AbstractRemoteTestNG.java:115)
at org.testng.remote.RemoteTestNG.initAndRun(RemoteTestNG.java:251)
at org.testng.remote.RemoteTestNG.main(RemoteTestNG.java:77)
]]>
            </full-stacktrace>
          </exception> <!-- java.lang.NullPointerException -->
          <reporter-output>
          </reporter-output>
        </test-method> <!-- submitNewHireFormAndValidate -->
        <test-method status="PASS" signature="tearDown()[pri:0, instance:com.newHire.NewHireTestMUJ@1817d444]" name="tearDown" is-config="true" duration-ms="843" started-at="2020-06-08T17:00:16Z" finished-at="2020-06-08T17:00:17Z">
          <reporter-output>
          </reporter-output>
        </test-method> <!-- tearDown -->
        <test-method status="PASS" signature="closeBrowser()[pri:0, instance:com.newHire.NewHireTestMUJ@1817d444]" name="closeBrowser" is-config="true" duration-ms="804" started-at="2020-06-08T17:00:17Z" finished-at="2020-06-08T17:00:18Z">
          <reporter-output>
          </reporter-output>
        </test-method> <!-- closeBrowser -->
      </class> <!-- com.newHire.NewHireTestMUJ -->
    </test> <!-- Test -->
  </suite> <!-- Suite -->
</testng-results>
