<?xml version="1.0" encoding="UTF-8"?>
<!-- Generated by org.testng.reporters.JUnitXMLReporter -->
<testsuite hostname="SYSTEM-72" ignored="1" name="Test(failed)" tests="1" failures="0" timestamp="08 Jul 2020 08:14:24 GMT" time="98.396" errors="0">
  <testcase name="submitNewHireFormAndValidate" time="82.461" classname="com.newHire.NewHireTestNextgen"/>
  <testcase name="validateCompensation" time="0.0" classname="com.newHire.NewHireTestNextgen">
    <ignored/>
  </testcase> <!-- validateCompensation -->
</testsuite> <!-- Test(failed) -->
