<?xml version="1.0" encoding="UTF-8"?>
<!-- Generated by org.testng.reporters.JUnitXMLReporter -->
<testsuite hostname="SYSTEM-72" ignored="0" name="Default test" tests="2" failures="0" timestamp="14 Oct 2020 09:21:14 GMT" time="51.177" errors="0">
  <testcase name="ApplyAndApproveEL" time="19.981" classname="com.leave.employee.EmployeeLeaveTestMoonraft"/>
  <testcase name="applyAndReject" time="16.632" classname="com.leave.employee.EmployeeLeaveTestMoonraft"/>
</testsuite> <!-- Default test -->
