<?xml version="1.0" encoding="UTF-8"?>
<!-- Generated by org.testng.reporters.JUnitXMLReporter -->
<testsuite hostname="SYSTEM-72" ignored="0" name="Default test" tests="38" failures="0" timestamp="10 Oct 2019 10:01:46 GMT" time="0.394" errors="0">
  <testcase name="@BeforeClass openBrowser" time="0.0" classname="esp.genericLibraries.BaseClass">
    <failure type="org.testng.TestNGException" message="
Parameter &amp;apos;browser&amp;apos; is required by BeforeClass on method openBrowser but has not been marked @Optional or defined
in C:\Users\Prod\AppData\Local\Temp\testng-eclipse--1576204336\testng-customsuite.xml">
      <![CDATA[org.testng.TestNGException: 
Parameter 'browser' is required by BeforeClass on method openBrowser but has not been marked @Optional or defined
in C:\Users\Prod\AppData\Local\Temp\testng-eclipse--1576204336\testng-customsuite.xml
at org.testng.internal.Parameters.createParams(Parameters.java:290)
at org.testng.internal.Parameters.createParametersForMethod(Parameters.java:359)
at org.testng.internal.Parameters.createParameters(Parameters.java:620)
at org.testng.internal.Parameters.createConfigurationParameters(Parameters.java:190)
at org.testng.internal.Invoker.invokeConfigurations(Invoker.java:209)
at org.testng.internal.Invoker.invokeConfigurations(Invoker.java:142)
at org.testng.internal.TestMethodWorker.invokeBeforeClassMethods(TestMethodWorker.java:168)
at org.testng.internal.TestMethodWorker.run(TestMethodWorker.java:105)
at org.testng.TestRunner.privateRun(TestRunner.java:648)
at org.testng.TestRunner.run(TestRunner.java:505)
at org.testng.SuiteRunner.runTest(SuiteRunner.java:455)
at org.testng.SuiteRunner.runSequentially(SuiteRunner.java:450)
at org.testng.SuiteRunner.privateRun(SuiteRunner.java:415)
at org.testng.SuiteRunner.run(SuiteRunner.java:364)
at org.testng.SuiteRunnerWorker.runSuite(SuiteRunnerWorker.java:52)
at org.testng.SuiteRunnerWorker.run(SuiteRunnerWorker.java:84)
at org.testng.TestNG.runSuitesSequentially(TestNG.java:1208)
at org.testng.TestNG.runSuitesLocally(TestNG.java:1137)
at org.testng.TestNG.runSuites(TestNG.java:1049)
at org.testng.TestNG.run(TestNG.java:1017)
at org.testng.remote.AbstractRemoteTestNG.run(AbstractRemoteTestNG.java:115)
at org.testng.remote.RemoteTestNG.initAndRun(RemoteTestNG.java:251)
at org.testng.remote.RemoteTestNG.main(RemoteTestNG.java:77)
]]>
    </failure>
  </testcase> <!-- @BeforeClass openBrowser -->
  <testcase name="@BeforeMethod login" time="0.0" classname="esp.genericLibraries.BaseClass">
    <skipped/>
  </testcase> <!-- @BeforeMethod login -->
  <testcase name="@AfterMethod tearDown" time="0.0" classname="esp.genericLibraries.BaseClass">
    <skipped/>
  </testcase> <!-- @AfterMethod tearDown -->
  <testcase name="@BeforeMethod login" time="0.0" classname="esp.genericLibraries.BaseClass">
    <skipped/>
  </testcase> <!-- @BeforeMethod login -->
  <testcase name="@AfterMethod tearDown" time="0.0" classname="esp.genericLibraries.BaseClass">
    <skipped/>
  </testcase> <!-- @AfterMethod tearDown -->
  <testcase name="@BeforeMethod login" time="0.0" classname="esp.genericLibraries.BaseClass">
    <skipped/>
  </testcase> <!-- @BeforeMethod login -->
  <testcase name="@AfterMethod tearDown" time="0.0" classname="esp.genericLibraries.BaseClass">
    <skipped/>
  </testcase> <!-- @AfterMethod tearDown -->
  <testcase name="@BeforeMethod login" time="0.0" classname="esp.genericLibraries.BaseClass">
    <skipped/>
  </testcase> <!-- @BeforeMethod login -->
  <testcase name="@AfterMethod tearDown" time="0.0" classname="esp.genericLibraries.BaseClass">
    <skipped/>
  </testcase> <!-- @AfterMethod tearDown -->
  <testcase name="@BeforeMethod login" time="0.0" classname="esp.genericLibraries.BaseClass">
    <skipped/>
  </testcase> <!-- @BeforeMethod login -->
  <testcase name="@AfterMethod tearDown" time="0.0" classname="esp.genericLibraries.BaseClass">
    <skipped/>
  </testcase> <!-- @AfterMethod tearDown -->
  <testcase name="@BeforeMethod login" time="0.0" classname="esp.genericLibraries.BaseClass">
    <skipped/>
  </testcase> <!-- @BeforeMethod login -->
  <testcase name="@AfterMethod tearDown" time="0.0" classname="esp.genericLibraries.BaseClass">
    <skipped/>
  </testcase> <!-- @AfterMethod tearDown -->
  <testcase name="@BeforeMethod login" time="0.0" classname="esp.genericLibraries.BaseClass">
    <skipped/>
  </testcase> <!-- @BeforeMethod login -->
  <testcase name="@AfterMethod tearDown" time="0.0" classname="esp.genericLibraries.BaseClass">
    <skipped/>
  </testcase> <!-- @AfterMethod tearDown -->
  <testcase name="@BeforeMethod login" time="0.0" classname="esp.genericLibraries.BaseClass">
    <skipped/>
  </testcase> <!-- @BeforeMethod login -->
  <testcase name="@AfterMethod tearDown" time="0.0" classname="esp.genericLibraries.BaseClass">
    <skipped/>
  </testcase> <!-- @AfterMethod tearDown -->
  <testcase name="@BeforeMethod login" time="0.0" classname="esp.genericLibraries.BaseClass">
    <skipped/>
  </testcase> <!-- @BeforeMethod login -->
  <testcase name="@AfterMethod tearDown" time="0.0" classname="esp.genericLibraries.BaseClass">
    <skipped/>
  </testcase> <!-- @AfterMethod tearDown -->
  <testcase name="@BeforeMethod login" time="0.0" classname="esp.genericLibraries.BaseClass">
    <skipped/>
  </testcase> <!-- @BeforeMethod login -->
  <testcase name="@AfterMethod tearDown" time="0.0" classname="esp.genericLibraries.BaseClass">
    <skipped/>
  </testcase> <!-- @AfterMethod tearDown -->
  <testcase name="@BeforeMethod login" time="0.0" classname="esp.genericLibraries.BaseClass">
    <skipped/>
  </testcase> <!-- @BeforeMethod login -->
  <testcase name="@AfterMethod tearDown" time="0.0" classname="esp.genericLibraries.BaseClass">
    <skipped/>
  </testcase> <!-- @AfterMethod tearDown -->
  <testcase name="@BeforeMethod login" time="0.0" classname="esp.genericLibraries.BaseClass">
    <skipped/>
  </testcase> <!-- @BeforeMethod login -->
  <testcase name="@AfterMethod tearDown" time="0.0" classname="esp.genericLibraries.BaseClass">
    <skipped/>
  </testcase> <!-- @AfterMethod tearDown -->
  <testcase name="@BeforeMethod login" time="0.0" classname="esp.genericLibraries.BaseClass">
    <skipped/>
  </testcase> <!-- @BeforeMethod login -->
  <testcase name="@AfterMethod tearDown" time="0.0" classname="esp.genericLibraries.BaseClass">
    <skipped/>
  </testcase> <!-- @AfterMethod tearDown -->
  <testcase name="@BeforeMethod login" time="0.0" classname="esp.genericLibraries.BaseClass">
    <skipped/>
  </testcase> <!-- @BeforeMethod login -->
  <testcase name="@AfterMethod tearDown" time="0.0" classname="esp.genericLibraries.BaseClass">
    <skipped/>
  </testcase> <!-- @AfterMethod tearDown -->
  <testcase name="@BeforeMethod login" time="0.0" classname="esp.genericLibraries.BaseClass">
    <skipped/>
  </testcase> <!-- @BeforeMethod login -->
  <testcase name="@AfterMethod tearDown" time="0.0" classname="esp.genericLibraries.BaseClass">
    <skipped/>
  </testcase> <!-- @AfterMethod tearDown -->
  <testcase name="@BeforeMethod login" time="0.0" classname="esp.genericLibraries.BaseClass">
    <skipped/>
  </testcase> <!-- @BeforeMethod login -->
  <testcase name="@AfterMethod tearDown" time="0.0" classname="esp.genericLibraries.BaseClass">
    <skipped/>
  </testcase> <!-- @AfterMethod tearDown -->
  <testcase name="@BeforeMethod login" time="0.0" classname="esp.genericLibraries.BaseClass">
    <skipped/>
  </testcase> <!-- @BeforeMethod login -->
  <testcase name="@AfterMethod tearDown" time="0.0" classname="esp.genericLibraries.BaseClass">
    <skipped/>
  </testcase> <!-- @AfterMethod tearDown -->
  <testcase name="@BeforeMethod login" time="0.0" classname="esp.genericLibraries.BaseClass">
    <skipped/>
  </testcase> <!-- @BeforeMethod login -->
  <testcase name="@AfterMethod tearDown" time="0.0" classname="esp.genericLibraries.BaseClass">
    <skipped/>
  </testcase> <!-- @AfterMethod tearDown -->
  <testcase name="@BeforeMethod login" time="0.0" classname="esp.genericLibraries.BaseClass">
    <skipped/>
  </testcase> <!-- @BeforeMethod login -->
  <testcase name="@AfterMethod tearDown" time="0.0" classname="esp.genericLibraries.BaseClass">
    <skipped/>
  </testcase> <!-- @AfterMethod tearDown -->
  <testcase name="@BeforeMethod login" time="0.0" classname="esp.genericLibraries.BaseClass">
    <skipped/>
  </testcase> <!-- @BeforeMethod login -->
  <testcase name="@AfterMethod tearDown" time="0.0" classname="esp.genericLibraries.BaseClass">
    <skipped/>
  </testcase> <!-- @AfterMethod tearDown -->
  <testcase name="@BeforeMethod login" time="0.0" classname="esp.genericLibraries.BaseClass">
    <skipped/>
  </testcase> <!-- @BeforeMethod login -->
  <testcase name="@AfterMethod tearDown" time="0.0" classname="esp.genericLibraries.BaseClass">
    <skipped/>
  </testcase> <!-- @AfterMethod tearDown -->
  <testcase name="@BeforeMethod login" time="0.0" classname="esp.genericLibraries.BaseClass">
    <skipped/>
  </testcase> <!-- @BeforeMethod login -->
  <testcase name="@AfterMethod tearDown" time="0.0" classname="esp.genericLibraries.BaseClass">
    <skipped/>
  </testcase> <!-- @AfterMethod tearDown -->
  <testcase name="@BeforeMethod login" time="0.0" classname="esp.genericLibraries.BaseClass">
    <skipped/>
  </testcase> <!-- @BeforeMethod login -->
  <testcase name="@AfterMethod tearDown" time="0.0" classname="esp.genericLibraries.BaseClass">
    <skipped/>
  </testcase> <!-- @AfterMethod tearDown -->
  <testcase name="@BeforeMethod login" time="0.0" classname="esp.genericLibraries.BaseClass">
    <skipped/>
  </testcase> <!-- @BeforeMethod login -->
  <testcase name="@AfterMethod tearDown" time="0.0" classname="esp.genericLibraries.BaseClass">
    <skipped/>
  </testcase> <!-- @AfterMethod tearDown -->
  <testcase name="@BeforeMethod login" time="0.0" classname="esp.genericLibraries.BaseClass">
    <skipped/>
  </testcase> <!-- @BeforeMethod login -->
  <testcase name="@AfterMethod tearDown" time="0.0" classname="esp.genericLibraries.BaseClass">
    <skipped/>
  </testcase> <!-- @AfterMethod tearDown -->
  <testcase name="@BeforeMethod login" time="0.0" classname="esp.genericLibraries.BaseClass">
    <skipped/>
  </testcase> <!-- @BeforeMethod login -->
  <testcase name="@AfterMethod tearDown" time="0.0" classname="esp.genericLibraries.BaseClass">
    <skipped/>
  </testcase> <!-- @AfterMethod tearDown -->
  <testcase name="@BeforeMethod login" time="0.0" classname="esp.genericLibraries.BaseClass">
    <skipped/>
  </testcase> <!-- @BeforeMethod login -->
  <testcase name="@AfterMethod tearDown" time="0.0" classname="esp.genericLibraries.BaseClass">
    <skipped/>
  </testcase> <!-- @AfterMethod tearDown -->
  <testcase name="@BeforeMethod login" time="0.0" classname="esp.genericLibraries.BaseClass">
    <skipped/>
  </testcase> <!-- @BeforeMethod login -->
  <testcase name="@AfterMethod tearDown" time="0.0" classname="esp.genericLibraries.BaseClass">
    <skipped/>
  </testcase> <!-- @AfterMethod tearDown -->
  <testcase name="@BeforeMethod login" time="0.0" classname="esp.genericLibraries.BaseClass">
    <skipped/>
  </testcase> <!-- @BeforeMethod login -->
  <testcase name="@AfterMethod tearDown" time="0.0" classname="esp.genericLibraries.BaseClass">
    <skipped/>
  </testcase> <!-- @AfterMethod tearDown -->
  <testcase name="@BeforeMethod login" time="0.0" classname="esp.genericLibraries.BaseClass">
    <skipped/>
  </testcase> <!-- @BeforeMethod login -->
  <testcase name="@AfterMethod tearDown" time="0.0" classname="esp.genericLibraries.BaseClass">
    <skipped/>
  </testcase> <!-- @AfterMethod tearDown -->
  <testcase name="@BeforeMethod login" time="0.0" classname="esp.genericLibraries.BaseClass">
    <skipped/>
  </testcase> <!-- @BeforeMethod login -->
  <testcase name="@AfterMethod tearDown" time="0.0" classname="esp.genericLibraries.BaseClass">
    <skipped/>
  </testcase> <!-- @AfterMethod tearDown -->
  <testcase name="@BeforeMethod login" time="0.0" classname="esp.genericLibraries.BaseClass">
    <skipped/>
  </testcase> <!-- @BeforeMethod login -->
  <testcase name="@AfterMethod tearDown" time="0.0" classname="esp.genericLibraries.BaseClass">
    <skipped/>
  </testcase> <!-- @AfterMethod tearDown -->
  <testcase name="@BeforeMethod login" time="0.0" classname="esp.genericLibraries.BaseClass">
    <skipped/>
  </testcase> <!-- @BeforeMethod login -->
  <testcase name="@AfterMethod tearDown" time="0.0" classname="esp.genericLibraries.BaseClass">
    <skipped/>
  </testcase> <!-- @AfterMethod tearDown -->
  <testcase name="@BeforeMethod login" time="0.0" classname="esp.genericLibraries.BaseClass">
    <skipped/>
  </testcase> <!-- @BeforeMethod login -->
  <testcase name="@AfterMethod tearDown" time="0.0" classname="esp.genericLibraries.BaseClass">
    <skipped/>
  </testcase> <!-- @AfterMethod tearDown -->
  <testcase name="@BeforeMethod login" time="0.0" classname="esp.genericLibraries.BaseClass">
    <skipped/>
  </testcase> <!-- @BeforeMethod login -->
  <testcase name="@AfterMethod tearDown" time="0.0" classname="esp.genericLibraries.BaseClass">
    <skipped/>
  </testcase> <!-- @AfterMethod tearDown -->
  <testcase name="@BeforeMethod login" time="0.0" classname="esp.genericLibraries.BaseClass">
    <skipped/>
  </testcase> <!-- @BeforeMethod login -->
  <testcase name="@AfterMethod tearDown" time="0.0" classname="esp.genericLibraries.BaseClass">
    <skipped/>
  </testcase> <!-- @AfterMethod tearDown -->
  <testcase name="@BeforeMethod login" time="0.0" classname="esp.genericLibraries.BaseClass">
    <skipped/>
  </testcase> <!-- @BeforeMethod login -->
  <testcase name="@AfterMethod tearDown" time="0.0" classname="esp.genericLibraries.BaseClass">
    <skipped/>
  </testcase> <!-- @AfterMethod tearDown -->
  <testcase name="@BeforeMethod login" time="0.0" classname="esp.genericLibraries.BaseClass">
    <skipped/>
  </testcase> <!-- @BeforeMethod login -->
  <testcase name="@AfterMethod tearDown" time="0.0" classname="esp.genericLibraries.BaseClass">
    <skipped/>
  </testcase> <!-- @AfterMethod tearDown -->
  <testcase name="@AfterClass closeBrowser" time="0.0" classname="esp.genericLibraries.BaseClass">
    <skipped/>
  </testcase> <!-- @AfterClass closeBrowser -->
  <testcase name="submitNewHireFormAndValidateActivateButton" time="0.0" classname="com.newHire.NewHireTest">
    <skipped/>
  </testcase> <!-- submitNewHireFormAndValidateActivateButton -->
  <testcase name="CheckErrorForKeepingRoleEditboxBlank" time="0.0" classname="com.newHire.NewHireTest">
    <skipped/>
  </testcase> <!-- CheckErrorForKeepingRoleEditboxBlank -->
  <testcase name="VerifyErrorForkeepingTitleWinBlank" time="0.0" classname="com.newHire.NewHireTest">
    <skipped/>
  </testcase> <!-- VerifyErrorForkeepingTitleWinBlank -->
  <testcase name="checkErrorForKeepingCityOfBirthBlank" time="0.0" classname="com.newHire.NewHireTest">
    <skipped/>
  </testcase> <!-- checkErrorForKeepingCityOfBirthBlank -->
  <testcase name="checkErrorForKeepingDepartmentEditboxBlank" time="0.0" classname="com.newHire.NewHireTest">
    <skipped/>
  </testcase> <!-- checkErrorForKeepingDepartmentEditboxBlank -->
  <testcase name="checkErrorForKeepingReferalSearchBoxBlank" time="0.0" classname="com.newHire.NewHireTest">
    <skipped/>
  </testcase> <!-- checkErrorForKeepingReferalSearchBoxBlank -->
  <testcase name="checkErrorForKeepingRelevantExpEditboxBlank" time="0.0" classname="com.newHire.NewHireTest">
    <skipped/>
  </testcase> <!-- checkErrorForKeepingRelevantExpEditboxBlank -->
  <testcase name="checkErrorForNotPickingCitizenShip" time="0.0" classname="com.newHire.NewHireTest">
    <skipped/>
  </testcase> <!-- checkErrorForNotPickingCitizenShip -->
  <testcase name="checkErrorForNotPickingEducationDetails" time="0.0" classname="com.newHire.NewHireTest">
    <skipped/>
  </testcase> <!-- checkErrorForNotPickingEducationDetails -->
  <testcase name="checkErrorForNotPickingGender" time="0.0" classname="com.newHire.NewHireTest">
    <skipped/>
  </testcase> <!-- checkErrorForNotPickingGender -->
  <testcase name="checkErrorForNotPickingGroupJoiningDate" time="0.0" classname="com.newHire.NewHireTest">
    <skipped/>
  </testcase> <!-- checkErrorForNotPickingGroupJoiningDate -->
  <testcase name="checkErrorForNotPickingJoiningDate" time="0.0" classname="com.newHire.NewHireTest">
    <skipped/>
  </testcase> <!-- checkErrorForNotPickingJoiningDate -->
  <testcase name="checkErrorForNotPickingUniversityName" time="0.0" classname="com.newHire.NewHireTest">
    <skipped/>
  </testcase> <!-- checkErrorForNotPickingUniversityName -->
  <testcase name="checkErrorForNotSelectingMaritalStatus" time="0.0" classname="com.newHire.NewHireTest">
    <skipped/>
  </testcase> <!-- checkErrorForNotSelectingMaritalStatus -->
  <testcase name="checkErrorMessageForEnteringExistingEmail" time="0.0" classname="com.newHire.NewHireTest">
    <skipped/>
  </testcase> <!-- checkErrorMessageForEnteringExistingEmail -->
  <testcase name="checkErrorMessageForNotPickingDOB" time="0.0" classname="com.newHire.NewHireTest">
    <skipped/>
  </testcase> <!-- checkErrorMessageForNotPickingDOB -->
  <testcase name="checkErrorMessageForNotPickingStateOfBirth" time="0.0" classname="com.newHire.NewHireTest">
    <skipped/>
  </testcase> <!-- checkErrorMessageForNotPickingStateOfBirth -->
  <testcase name="clickAndverifyTitleDropdownValues" time="0.0" classname="com.newHire.NewHireTest">
    <skipped/>
  </testcase> <!-- clickAndverifyTitleDropdownValues -->
  <testcase name="displayErrorForKeepingReportingManagerBlank" time="0.0" classname="com.newHire.NewHireTest">
    <skipped/>
  </testcase> <!-- displayErrorForKeepingReportingManagerBlank -->
  <testcase name="displayErrorForNotPickingFT_Indicator" time="0.0" classname="com.newHire.NewHireTest">
    <skipped/>
  </testcase> <!-- displayErrorForNotPickingFT_Indicator -->
  <testcase name="enterExistEmployeeIdAndValidateErrorMessage" time="0.0" classname="com.newHire.NewHireTest">
    <skipped/>
  </testcase> <!-- enterExistEmployeeIdAndValidateErrorMessage -->
  <testcase name="keepEmailIdSectionBlankAndVerifyError" time="0.0" classname="com.newHire.NewHireTest">
    <skipped/>
  </testcase> <!-- keepEmailIdSectionBlankAndVerifyError -->
  <testcase name="makeBothDOB_JoiningDateEqualAndverifyError" time="0.0" classname="com.newHire.NewHireTest">
    <skipped/>
  </testcase> <!-- makeBothDOB_JoiningDateEqualAndverifyError -->
  <testcase name="makeEmployeeIdEditboxBlankAndValidateError" time="0.0" classname="com.newHire.NewHireTest">
    <skipped/>
  </testcase> <!-- makeEmployeeIdEditboxBlankAndValidateError -->
  <testcase name="uploadProfilePhotoWithCorrectFormat" time="0.0" classname="com.newHire.NewHireTest">
    <skipped/>
  </testcase> <!-- uploadProfilePhotoWithCorrectFormat -->
  <testcase name="uploadProfilePhotoWithIncorrectFormat" time="0.0" classname="com.newHire.NewHireTest">
    <skipped/>
  </testcase> <!-- uploadProfilePhotoWithIncorrectFormat -->
  <testcase name="validateErrorForNotPickingEmploymentType" time="0.0" classname="com.newHire.NewHireTest">
    <skipped/>
  </testcase> <!-- validateErrorForNotPickingEmploymentType -->
  <testcase name="verifyErrorForKeepingDesignationBlank" time="0.0" classname="com.newHire.NewHireTest">
    <skipped/>
  </testcase> <!-- verifyErrorForKeepingDesignationBlank -->
  <testcase name="verifyErrorForNotPickingContractEndDate" time="0.0" classname="com.newHire.NewHireTest">
    <skipped/>
  </testcase> <!-- verifyErrorForNotPickingContractEndDate -->
  <testcase name="verifyErrorForNotPickingCountry" time="0.0" classname="com.newHire.NewHireTest">
    <skipped/>
  </testcase> <!-- verifyErrorForNotPickingCountry -->
  <testcase name="verifyErrorForNotPickingEmploymentStatus" time="0.0" classname="com.newHire.NewHireTest">
    <skipped/>
  </testcase> <!-- verifyErrorForNotPickingEmploymentStatus -->
  <testcase name="verifyErrorForNotPickingFTE_Equivalent" time="0.0" classname="com.newHire.NewHireTest">
    <skipped/>
  </testcase> <!-- verifyErrorForNotPickingFTE_Equivalent -->
  <testcase name="verifyErrorForNotPickingLegalEntity" time="0.0" classname="com.newHire.NewHireTest">
    <skipped/>
  </testcase> <!-- verifyErrorForNotPickingLegalEntity -->
  <testcase name="verifyErrorForNotPickingLocation" time="0.0" classname="com.newHire.NewHireTest">
    <skipped/>
  </testcase> <!-- verifyErrorForNotPickingLocation -->
  <testcase name="verifyErrorForPicking_DOB_lessThanEighteen_years" time="0.0" classname="com.newHire.NewHireTest">
    <skipped/>
  </testcase> <!-- verifyErrorForPicking_DOB_lessThanEighteen_years -->
  <testcase name="verifyErrorMessageForKeepingFirstNameBlank" time="0.0" classname="com.newHire.NewHireTest">
    <skipped/>
  </testcase> <!-- verifyErrorMessageForKeepingFirstNameBlank -->
  <testcase name="verifyErrorMessageForKeepingLastNameBlank" time="0.0" classname="com.newHire.NewHireTest">
    <skipped/>
  </testcase> <!-- verifyErrorMessageForKeepingLastNameBlank -->
  <testcase name="verifyErrorMessageForNotPickingCountryOfBirth" time="0.0" classname="com.newHire.NewHireTest">
    <skipped/>
  </testcase> <!-- verifyErrorMessageForNotPickingCountryOfBirth -->
</testsuite> <!-- Default test -->
